(nelems, nfaces) = (256, 544)
                                        connectivity
      ┌────────────────────────────────────────────────────────────────────────────────┐ 
    4 │⡏⠉⠉⠉⠉⡏⠉⠉⠉⠉⡏⠉⠉⠉⠉⡏⠉⠉⠉⠉⡏⠉⠉⠉⠉⡏⠉⠉⠉⠉⡏⠉⠉⠉⠉⡏⠉⠉⠉⠉⡏⠉⠉⠉⠉⡏⠉⠉⠉⠉⡏⠉⠉⠉⠉⡏⠉⠉⠉⠉⡏⠉⠉⠉⠉⡏⠉⠉⠉⠉⡏⠉⠉⠉⠉⡏⠉⠉⠉⢹│ 
      │⡇⠀⠀⠀⠀⡇⠀⠀⠀⠀⡇⠀⠀⠀⠀⡇⠀⠀⠀⠀⡇⠀⠀⠀⠀⡇⠀⠀⠀⠀⡇⠀⠀⠀⠀⡇⠀⠀⠀⠀⡇⠀⠀⠀⠀⡇⠀⠀⠀⠀⡇⠀⠀⠀⠀⡇⠀⠀⠀⠀⡇⠀⠀⠀⠀⡇⠀⠀⠀⠀⡇⠀⠀⠀⠀⡇⠀⠀⠀⢸│ 
      │⡧⠤⠤⠤⠤⡧⠤⠤⠤⠤⡧⠤⠤⠤⠤⡧⠤⠤⠤⠤⡧⠤⠤⠤⠤⡧⠤⠤⠤⠤⡧⠤⠤⠤⠤⡧⠤⠤⠤⠤⡧⠤⠤⠤⠤⡧⠤⠤⠤⠤⡧⠤⠤⠤⠤⡧⠤⠤⠤⠤⡧⠤⠤⠤⠤⡧⠤⠤⠤⠤⡧⠤⠤⠤⠤⡧⠤⠤⠤⢼│ 
      │⡇⠀⠀⠀⠀⡇⠀⠀⠀⠀⡇⠀⠀⠀⠀⡇⠀⠀⠀⠀⡇⠀⠀⠀⠀⡇⠀⠀⠀⠀⡇⠀⠀⠀⠀⡇⠀⠀⠀⠀⡇⠀⠀⠀⠀⡇⠀⠀⠀⠀⡇⠀⠀⠀⠀⡇⠀⠀⠀⠀⡇⠀⠀⠀⠀⡇⠀⠀⠀⠀⡇⠀⠀⠀⠀⡇⠀⠀⠀⢸│ 
      │⡇⠀⠀⠀⠀⡇⠀⠀⠀⠀⡇⠀⠀⠀⠀⡇⠀⠀⠀⠀⡇⠀⠀⠀⠀⡇⠀⠀⠀⠀⡇⠀⠀⠀⠀⡇⠀⠀⠀⠀⡇⠀⠀⠀⠀⡇⠀⠀⠀⠀⡇⠀⠀⠀⠀⡇⠀⠀⠀⠀⡇⠀⠀⠀⠀⡇⠀⠀⠀⠀⡇⠀⠀⠀⠀⡇⠀⠀⠀⢸│ 
      │⡏⠉⠉⠉⠉⡏⠉⠉⠉⠉⡏⠉⠉⠉⠉⡏⠉⠉⠉⠉⡏⠉⠉⠉⠉⡏⠉⠉⠉⠉⡏⠉⠉⠉⠉⡏⠉⠉⠉⠉⡏⠉⠉⠉⠉⡏⠉⠉⠉⠉⡏⠉⠉⠉⠉⡏⠉⠉⠉⠉⡏⠉⠉⠉⠉⡏⠉⠉⠉⠉⡏⠉⠉⠉⠉⡏⠉⠉⠉⢹│ 
      │⡇⠀⠀⠀⠀⡇⠀⠀⠀⠀⡇⠀⠀⠀⠀⡇⠀⠀⠀⠀⡇⠀⠀⠀⠀⡇⠀⠀⠀⠀⡇⠀⠀⠀⠀⡇⠀⠀⠀⠀⡇⠀⠀⠀⠀⡇⠀⠀⠀⠀⡇⠀⠀⠀⠀⡇⠀⠀⠀⠀⡇⠀⠀⠀⠀⡇⠀⠀⠀⠀⡇⠀⠀⠀⠀⡇⠀⠀⠀⢸│ 
      │⡧⠤⠤⠤⠤⡧⠤⠤⠤⠤⡧⠤⠤⠤⠤⡧⠤⠤⠤⠤⡧⠤⠤⠤⠤⡧⠤⠤⠤⠤⡧⠤⠤⠤⠤⡧⠤⠤⠤⠤⡧⠤⠤⠤⠤⡧⠤⠤⠤⠤⡧⠤⠤⠤⠤⡧⠤⠤⠤⠤⡧⠤⠤⠤⠤⡧⠤⠤⠤⠤⡧⠤⠤⠤⠤⡧⠤⠤⠤⢼│ 
      │⡇⠀⠀⠀⠀⡇⠀⠀⠀⠀⡇⠀⠀⠀⠀⡇⠀⠀⠀⠀⡇⠀⠀⠀⠀⡇⠀⠀⠀⠀⡇⠀⠀⠀⠀⡇⠀⠀⠀⠀⡇⠀⠀⠀⠀⡇⠀⠀⠀⠀⡇⠀⠀⠀⠀⡇⠀⠀⠀⠀⡇⠀⠀⠀⠀⡇⠀⠀⠀⠀⡇⠀⠀⠀⠀⡇⠀⠀⠀⢸│ 
      │⡇⠀⠀⠀⠀⡇⠀⠀⠀⠀⡇⠀⠀⠀⠀⡇⠀⠀⠀⠀⡇⠀⠀⠀⠀⡇⠀⠀⠀⠀⡇⠀⠀⠀⠀⡇⠀⠀⠀⠀⡇⠀⠀⠀⠀⡇⠀⠀⠀⠀⡇⠀⠀⠀⠀⡇⠀⠀⠀⠀⡇⠀⠀⠀⠀⡇⠀⠀⠀⠀⡇⠀⠀⠀⠀⡇⠀⠀⠀⢸│ 
      │⡏⠉⠉⠉⠉⡏⠉⠉⠉⠉⡏⠉⠉⠉⠉⡏⠉⠉⠉⠉⡏⠉⠉⠉⠉⡏⠉⠉⠉⠉⡏⠉⠉⠉⠉⡏⠉⠉⠉⠉⡏⠉⠉⠉⠉⡏⠉⠉⠉⠉⡏⠉⠉⠉⠉⡏⠉⠉⠉⠉⡏⠉⠉⠉⠉⡏⠉⠉⠉⠉⡏⠉⠉⠉⠉⡏⠉⠉⠉⢹│ 
      │⡇⠀⠀⠀⠀⡇⠀⠀⠀⠀⡇⠀⠀⠀⠀⡇⠀⠀⠀⠀⡇⠀⠀⠀⠀⡇⠀⠀⠀⠀⡇⠀⠀⠀⠀⡇⠀⠀⠀⠀⡇⠀⠀⠀⠀⡇⠀⠀⠀⠀⡇⠀⠀⠀⠀⡇⠀⠀⠀⠀⡇⠀⠀⠀⠀⡇⠀⠀⠀⠀⡇⠀⠀⠀⠀⡇⠀⠀⠀⢸│ 
      │⡧⠤⠤⠤⠤⡧⠤⠤⠤⠤⡧⠤⠤⠤⠤⡧⠤⠤⠤⠤⡧⠤⠤⠤⠤⡧⠤⠤⠤⠤⡧⠤⠤⠤⠤⡧⠤⠤⠤⠤⡧⠤⠤⠤⠤⡧⠤⠤⠤⠤⡧⠤⠤⠤⠤⡧⠤⠤⠤⠤⡧⠤⠤⠤⠤⡧⠤⠤⠤⠤⡧⠤⠤⠤⠤⡧⠤⠤⠤⢼│ 
      │⡇⠀⠀⠀⠀⡇⠀⠀⠀⠀⡇⠀⠀⠀⠀⡇⠀⠀⠀⠀⡇⠀⠀⠀⠀⡇⠀⠀⠀⠀⡇⠀⠀⠀⠀⡇⠀⠀⠀⠀⡇⠀⠀⠀⠀⡇⠀⠀⠀⠀⡇⠀⠀⠀⠀⡇⠀⠀⠀⠀⡇⠀⠀⠀⠀⡇⠀⠀⠀⠀⡇⠀⠀⠀⠀⡇⠀⠀⠀⢸│ 
      │⡇⠀⠀⠀⠀⡇⠀⠀⠀⠀⡇⠀⠀⠀⠀⡇⠀⠀⠀⠀⡇⠀⠀⠀⠀⡇⠀⠀⠀⠀⡇⠀⠀⠀⠀⡇⠀⠀⠀⠀⡇⠀⠀⠀⠀⡇⠀⠀⠀⠀⡇⠀⠀⠀⠀⡇⠀⠀⠀⠀⡇⠀⠀⠀⠀⡇⠀⠀⠀⠀⡇⠀⠀⠀⠀⡇⠀⠀⠀⢸│ 
      │⡏⠉⠉⠉⠉⡏⠉⠉⠉⠉⡏⠉⠉⠉⠉⡏⠉⠉⠉⠉⡏⠉⠉⠉⠉⡏⠉⠉⠉⠉⡏⠉⠉⠉⠉⡏⠉⠉⠉⠉⡏⠉⠉⠉⠉⡏⠉⠉⠉⠉⡏⠉⠉⠉⠉⡏⠉⠉⠉⠉⡏⠉⠉⠉⠉⡏⠉⠉⠉⠉⡏⠉⠉⠉⠉⡏⠉⠉⠉⢹│ 
      │⡇⠀⠀⠀⠀⡇⠀⠀⠀⠀⡇⠀⠀⠀⠀⡇⠀⠀⠀⠀⡇⠀⠀⠀⠀⡇⠀⠀⠀⠀⡇⠀⠀⠀⠀⡇⠀⠀⠀⠀⡇⠀⠀⠀⠀⡇⠀⠀⠀⠀⡇⠀⠀⠀⠀⡇⠀⠀⠀⠀⡇⠀⠀⠀⠀⡇⠀⠀⠀⠀⡇⠀⠀⠀⠀⡇⠀⠀⠀⢸│ 
      │⡧⠤⠤⠤⠤⡧⠤⠤⠤⠤⡧⠤⠤⠤⠤⡧⠤⠤⠤⠤⡧⠤⠤⠤⠤⡧⠤⠤⠤⠤⡧⠤⠤⠤⠤⡧⠤⠤⠤⠤⡧⠤⠤⠤⠤⡧⠤⠤⠤⠤⡧⠤⠤⠤⠤⡧⠤⠤⠤⠤⡧⠤⠤⠤⠤⡧⠤⠤⠤⠤⡧⠤⠤⠤⠤⡧⠤⠤⠤⢼│ 
      │⡇⠀⠀⠀⠀⡇⠀⠀⠀⠀⡇⠀⠀⠀⠀⡇⠀⠀⠀⠀⡇⠀⠀⠀⠀⡇⠀⠀⠀⠀⡇⠀⠀⠀⠀⡇⠀⠀⠀⠀⡇⠀⠀⠀⠀⡇⠀⠀⠀⠀⡇⠀⠀⠀⠀⡇⠀⠀⠀⠀⡇⠀⠀⠀⠀⡇⠀⠀⠀⠀⡇⠀⠀⠀⠀⡇⠀⠀⠀⢸│ 
      │⡇⠀⠀⠀⠀⡇⠀⠀⠀⠀⡇⠀⠀⠀⠀⡇⠀⠀⠀⠀⡇⠀⠀⠀⠀⡇⠀⠀⠀⠀⡇⠀⠀⠀⠀⡇⠀⠀⠀⠀⡇⠀⠀⠀⠀⡇⠀⠀⠀⠀⡇⠀⠀⠀⠀⡇⠀⠀⠀⠀⡇⠀⠀⠀⠀⡇⠀⠀⠀⠀⡇⠀⠀⠀⠀⡇⠀⠀⠀⢸│ 
      │⡏⠉⠉⠉⠉⡏⠉⠉⠉⠉⡏⠉⠉⠉⠉⡏⠉⠉⠉⠉⡏⠉⠉⠉⠉⡏⠉⠉⠉⠉⡏⠉⠉⠉⠉⡏⠉⠉⠉⠉⡏⠉⠉⠉⠉⡏⠉⠉⠉⠉⡏⠉⠉⠉⠉⡏⠉⠉⠉⠉⡏⠉⠉⠉⠉⡏⠉⠉⠉⠉⡏⠉⠉⠉⠉⡏⠉⠉⠉⢹│ 
      │⡇⠀⠀⠀⠀⡇⠀⠀⠀⠀⡇⠀⠀⠀⠀⡇⠀⠀⠀⠀⡇⠀⠀⠀⠀⡇⠀⠀⠀⠀⡇⠀⠀⠀⠀⡇⠀⠀⠀⠀⡇⠀⠀⠀⠀⡇⠀⠀⠀⠀⡇⠀⠀⠀⠀⡇⠀⠀⠀⠀⡇⠀⠀⠀⠀⡇⠀⠀⠀⠀⡇⠀⠀⠀⠀⡇⠀⠀⠀⢸│ 
      │⡧⠤⠤⠤⠤⡧⠤⠤⠤⠤⡧⠤⠤⠤⠤⡧⠤⠤⠤⠤⡧⠤⠤⠤⠤⡧⠤⠤⠤⠤⡧⠤⠤⠤⠤⡧⠤⠤⠤⠤⡧⠤⠤⠤⠤⡧⠤⠤⠤⠤⡧⠤⠤⠤⠤⡧⠤⠤⠤⠤⡧⠤⠤⠤⠤⡧⠤⠤⠤⠤⡧⠤⠤⠤⠤⡧⠤⠤⠤⢼│ 
      │⡇⠀⠀⠀⠀⡇⠀⠀⠀⠀⡇⠀⠀⠀⠀⡇⠀⠀⠀⠀⡇⠀⠀⠀⠀⡇⠀⠀⠀⠀⡇⠀⠀⠀⠀⡇⠀⠀⠀⠀⡇⠀⠀⠀⠀⡇⠀⠀⠀⠀⡇⠀⠀⠀⠀⡇⠀⠀⠀⠀⡇⠀⠀⠀⠀⡇⠀⠀⠀⠀⡇⠀⠀⠀⠀⡇⠀⠀⠀⢸│ 
      │⡇⠀⠀⠀⠀⡇⠀⠀⠀⠀⡇⠀⠀⠀⠀⡇⠀⠀⠀⠀⡇⠀⠀⠀⠀⡇⠀⠀⠀⠀⡇⠀⠀⠀⠀⡇⠀⠀⠀⠀⡇⠀⠀⠀⠀⡇⠀⠀⠀⠀⡇⠀⠀⠀⠀⡇⠀⠀⠀⠀⡇⠀⠀⠀⠀⡇⠀⠀⠀⠀⡇⠀⠀⠀⠀⡇⠀⠀⠀⢸│ 
      │⡏⠉⠉⠉⠉⡏⠉⠉⠉⠉⡏⠉⠉⠉⠉⡏⠉⠉⠉⠉⡏⠉⠉⠉⠉⡏⠉⠉⠉⠉⡏⠉⠉⠉⠉⡏⠉⠉⠉⠉⡏⠉⠉⠉⠉⡏⠉⠉⠉⠉⡏⠉⠉⠉⠉⡏⠉⠉⠉⠉⡏⠉⠉⠉⠉⡏⠉⠉⠉⠉⡏⠉⠉⠉⠉⡏⠉⠉⠉⢹│ 
      │⡇⠀⠀⠀⠀⡇⠀⠀⠀⠀⡇⠀⠀⠀⠀⡇⠀⠀⠀⠀⡇⠀⠀⠀⠀⡇⠀⠀⠀⠀⡇⠀⠀⠀⠀⡇⠀⠀⠀⠀⡇⠀⠀⠀⠀⡇⠀⠀⠀⠀⡇⠀⠀⠀⠀⡇⠀⠀⠀⠀⡇⠀⠀⠀⠀⡇⠀⠀⠀⠀⡇⠀⠀⠀⠀⡇⠀⠀⠀⢸│ 
      │⡧⠤⠤⠤⠤⡧⠤⠤⠤⠤⡧⠤⠤⠤⠤⡧⠤⠤⠤⠤⡧⠤⠤⠤⠤⡧⠤⠤⠤⠤⡧⠤⠤⠤⠤⡧⠤⠤⠤⠤⡧⠤⠤⠤⠤⡧⠤⠤⠤⠤⡧⠤⠤⠤⠤⡧⠤⠤⠤⠤⡧⠤⠤⠤⠤⡧⠤⠤⠤⠤⡧⠤⠤⠤⠤⡧⠤⠤⠤⢼│ 
      │⡇⠀⠀⠀⠀⡇⠀⠀⠀⠀⡇⠀⠀⠀⠀⡇⠀⠀⠀⠀⡇⠀⠀⠀⠀⡇⠀⠀⠀⠀⡇⠀⠀⠀⠀⡇⠀⠀⠀⠀⡇⠀⠀⠀⠀⡇⠀⠀⠀⠀⡇⠀⠀⠀⠀⡇⠀⠀⠀⠀⡇⠀⠀⠀⠀⡇⠀⠀⠀⠀⡇⠀⠀⠀⠀⡇⠀⠀⠀⢸│ 
      │⡇⠀⠀⠀⠀⡇⠀⠀⠀⠀⡇⠀⠀⠀⠀⡇⠀⠀⠀⠀⡇⠀⠀⠀⠀⡇⠀⠀⠀⠀⡇⠀⠀⠀⠀⡇⠀⠀⠀⠀⡇⠀⠀⠀⠀⡇⠀⠀⠀⠀⡇⠀⠀⠀⠀⡇⠀⠀⠀⠀⡇⠀⠀⠀⠀⡇⠀⠀⠀⠀⡇⠀⠀⠀⠀⡇⠀⠀⠀⢸│ 
      │⡏⠉⠉⠉⠉⡏⠉⠉⠉⠉⡏⠉⠉⠉⠉⡏⠉⠉⠉⠉⡏⠉⠉⠉⠉⡏⠉⠉⠉⠉⡏⠉⠉⠉⠉⡏⠉⠉⠉⠉⡏⠉⠉⠉⠉⡏⠉⠉⠉⠉⡏⠉⠉⠉⠉⡏⠉⠉⠉⠉⡏⠉⠉⠉⠉⡏⠉⠉⠉⠉⡏⠉⠉⠉⠉⡏⠉⠉⠉⢹│ 
      │⡇⠀⠀⠀⠀⡇⠀⠀⠀⠀⡇⠀⠀⠀⠀⡇⠀⠀⠀⠀⡇⠀⠀⠀⠀⡇⠀⠀⠀⠀⡇⠀⠀⠀⠀⡇⠀⠀⠀⠀⡇⠀⠀⠀⠀⡇⠀⠀⠀⠀⡇⠀⠀⠀⠀⡇⠀⠀⠀⠀⡇⠀⠀⠀⠀⡇⠀⠀⠀⠀⡇⠀⠀⠀⠀⡇⠀⠀⠀⢸│ 
      │⡧⠤⠤⠤⠤⡧⠤⠤⠤⠤⡧⠤⠤⠤⠤⡧⠤⠤⠤⠤⡧⠤⠤⠤⠤⡧⠤⠤⠤⠤⡧⠤⠤⠤⠤⡧⠤⠤⠤⠤⡧⠤⠤⠤⠤⡧⠤⠤⠤⠤⡧⠤⠤⠤⠤⡧⠤⠤⠤⠤⡧⠤⠤⠤⠤⡧⠤⠤⠤⠤⡧⠤⠤⠤⠤⡧⠤⠤⠤⢼│ 
      │⡇⠀⠀⠀⠀⡇⠀⠀⠀⠀⡇⠀⠀⠀⠀⡇⠀⠀⠀⠀⡇⠀⠀⠀⠀⡇⠀⠀⠀⠀⡇⠀⠀⠀⠀⡇⠀⠀⠀⠀⡇⠀⠀⠀⠀⡇⠀⠀⠀⠀⡇⠀⠀⠀⠀⡇⠀⠀⠀⠀⡇⠀⠀⠀⠀⡇⠀⠀⠀⠀⡇⠀⠀⠀⠀⡇⠀⠀⠀⢸│ 
      │⡇⠀⠀⠀⠀⡇⠀⠀⠀⠀⡇⠀⠀⠀⠀⡇⠀⠀⠀⠀⡇⠀⠀⠀⠀⡇⠀⠀⠀⠀⡇⠀⠀⠀⠀⡇⠀⠀⠀⠀⡇⠀⠀⠀⠀⡇⠀⠀⠀⠀⡇⠀⠀⠀⠀⡇⠀⠀⠀⠀⡇⠀⠀⠀⠀⡇⠀⠀⠀⠀⡇⠀⠀⠀⠀⡇⠀⠀⠀⢸│ 
      │⡏⠉⠉⠉⠉⡏⠉⠉⠉⠉⡏⠉⠉⠉⠉⡏⠉⠉⠉⠉⡏⠉⠉⠉⠉⡏⠉⠉⠉⠉⡏⠉⠉⠉⠉⡏⠉⠉⠉⠉⡏⠉⠉⠉⠉⡏⠉⠉⠉⠉⡏⠉⠉⠉⠉⡏⠉⠉⠉⠉⡏⠉⠉⠉⠉⡏⠉⠉⠉⠉⡏⠉⠉⠉⠉⡏⠉⠉⠉⢹│ 
      │⡇⠀⠀⠀⠀⡇⠀⠀⠀⠀⡇⠀⠀⠀⠀⡇⠀⠀⠀⠀⡇⠀⠀⠀⠀⡇⠀⠀⠀⠀⡇⠀⠀⠀⠀⡇⠀⠀⠀⠀⡇⠀⠀⠀⠀⡇⠀⠀⠀⠀⡇⠀⠀⠀⠀⡇⠀⠀⠀⠀⡇⠀⠀⠀⠀⡇⠀⠀⠀⠀⡇⠀⠀⠀⠀⡇⠀⠀⠀⢸│ 
      │⡧⠤⠤⠤⠤⡧⠤⠤⠤⠤⡧⠤⠤⠤⠤⡧⠤⠤⠤⠤⡧⠤⠤⠤⠤⡧⠤⠤⠤⠤⡧⠤⠤⠤⠤⡧⠤⠤⠤⠤⡧⠤⠤⠤⠤⡧⠤⠤⠤⠤⡧⠤⠤⠤⠤⡧⠤⠤⠤⠤⡧⠤⠤⠤⠤⡧⠤⠤⠤⠤⡧⠤⠤⠤⠤⡧⠤⠤⠤⢼│ 
      │⡇⠀⠀⠀⠀⡇⠀⠀⠀⠀⡇⠀⠀⠀⠀⡇⠀⠀⠀⠀⡇⠀⠀⠀⠀⡇⠀⠀⠀⠀⡇⠀⠀⠀⠀⡇⠀⠀⠀⠀⡇⠀⠀⠀⠀⡇⠀⠀⠀⠀⡇⠀⠀⠀⠀⡇⠀⠀⠀⠀⡇⠀⠀⠀⠀⡇⠀⠀⠀⠀⡇⠀⠀⠀⠀⡇⠀⠀⠀⢸│ 
   -4 │⣇⣀⣀⣀⣀⣇⣀⣀⣀⣀⣇⣀⣀⣀⣀⣇⣀⣀⣀⣀⣇⣀⣀⣀⣀⣇⣀⣀⣀⣀⣇⣀⣀⣀⣀⣇⣀⣀⣀⣀⣇⣀⣀⣀⣀⣇⣀⣀⣀⣀⣇⣀⣀⣀⣀⣇⣀⣀⣀⣀⣇⣀⣀⣀⣀⣇⣀⣀⣀⣀⣇⣀⣀⣀⣀⣇⣀⣀⣀⣸│ 
      └────────────────────────────────────────────────────────────────────────────────┘ 
      -4                                                                               4                                            mesh
      ┌────────────────────────────────────────────────────────────────────────────────┐ 
    4 │⡏⠉⠉⠉⠉⡏⠉⠉⠉⠉⡏⠉⠉⠉⠉⡏⠉⠉⠉⠉⡏⠉⠉⠉⠉⡏⠉⠉⠉⠉⡏⠉⠉⠉⠉⡏⠉⠉⠉⠉⡏⠉⠉⠉⠉⡏⠉⠉⠉⠉⡏⠉⠉⠉⠉⡏⠉⠉⠉⠉⡏⠉⠉⠉⠉⡏⠉⠉⠉⠉⡏⠉⠉⠉⠉⡏⠉⠉⠉⢹│ 
      │⡇⠀⠀⠀⠀⡇⠀⠀⠀⠀⡇⠀⠀⠀⠀⡇⠀⠀⠀⠀⡇⠀⠀⠀⠀⡇⠀⠀⠀⠀⡇⠀⠀⠀⠀⡇⠀⠀⠀⠀⡇⠀⠀⠀⠀⡇⠀⠀⠀⠀⡇⠀⠀⠀⠀⡇⠀⠀⠀⠀⡇⠀⠀⠀⠀⡇⠀⠀⠀⠀⡇⠀⠀⠀⠀⡇⠀⠀⠀⢸│ 
      │⡧⠤⠤⠤⠤⡧⠤⠤⠤⠤⡧⠤⠤⠤⠤⡧⠤⠤⠤⠤⡧⠤⠤⠤⠤⡧⠤⠤⠤⠤⡧⠤⠤⠤⠤⡧⠤⠤⠤⠤⡧⠤⠤⠤⠤⡧⠤⠤⠤⠤⡧⠤⠤⠤⠤⡧⠤⠤⠤⠤⡧⠤⠤⠤⠤⡧⠤⠤⠤⠤⡧⠤⠤⠤⠤⡧⠤⠤⠤⢼│ 
      │⡇⠀⠀⠀⠀⡇⠀⠀⠀⠀⡇⠀⠀⠀⠀⡇⠀⠀⠀⠀⡇⠀⠀⠀⠀⡇⠀⠀⠀⠀⡇⠀⠀⠀⠀⡇⠀⠀⠀⠀⡇⠀⠀⠀⠀⡇⠀⠀⠀⠀⡇⠀⠀⠀⠀⡇⠀⠀⠀⠀⡇⠀⠀⠀⠀⡇⠀⠀⠀⠀⡇⠀⠀⠀⠀⡇⠀⠀⠀⢸│ 
      │⡇⠀⠀⠀⠀⡇⠀⠀⠀⠀⡇⠀⠀⠀⠀⡇⠀⠀⠀⠀⡇⠀⠀⠀⠀⡇⠀⠀⠀⠀⡇⠀⠀⠀⠀⡇⠀⠀⠀⠀⡇⠀⠀⠀⠀⡇⠀⠀⠀⠀⡇⠀⠀⠀⠀⡇⠀⠀⠀⠀⡇⠀⠀⠀⠀⡇⠀⠀⠀⠀⡇⠀⠀⠀⠀⡇⠀⠀⠀⢸│ 
      │⡏⠉⠉⠉⠉⡏⠉⠉⠉⠉⡏⠉⠉⠉⠉⡏⠉⠉⠉⠉⡏⠉⠉⠉⠉⡏⠉⠉⠉⠉⡏⠉⠉⠉⠉⡏⠉⠉⠉⠉⡏⠉⠉⠉⠉⡏⠉⠉⠉⠉⡏⠉⠉⠉⠉⡏⠉⠉⠉⠉⡏⠉⠉⠉⠉⡏⠉⠉⠉⠉⡏⠉⠉⠉⠉⡏⠉⠉⠉⢹│ 
      │⡇⠀⠀⠀⠀⡇⠀⠀⠀⠀⡇⠀⠀⠀⠀⡇⠀⠀⠀⠀⡇⠀⠀⠀⠀⡇⠀⠀⠀⠀⡇⠀⠀⠀⠀⡇⠀⠀⠀⠀⡇⠀⠀⠀⠀⡇⠀⠀⠀⠀⡇⠀⠀⠀⠀⡇⠀⠀⠀⠀⡇⠀⠀⠀⠀⡇⠀⠀⠀⠀⡇⠀⠀⠀⠀⡇⠀⠀⠀⢸│ 
      │⡧⠤⠤⠤⠤⡧⠤⠤⠤⠤⡧⠤⠤⠤⠤⡧⠤⠤⠤⠤⡧⠤⠤⠤⠤⡧⠤⠤⠤⠤⡧⠤⠤⠤⠤⡧⠤⠤⠤⠤⡧⠤⠤⠤⠤⡧⠤⠤⠤⠤⡧⠤⠤⠤⠤⡧⠤⠤⠤⠤⡧⠤⠤⠤⠤⡧⠤⠤⠤⠤⡧⠤⠤⠤⠤⡧⠤⠤⠤⢼│ 
      │⡇⠀⠀⠀⠀⡇⠀⠀⠀⠀⡇⠀⠀⠀⠀⡇⠀⠀⠀⠀⡇⠀⠀⠀⠀⡇⠀⠀⠀⠀⡇⠀⠀⠀⠀⡇⠀⠀⠀⠀⡇⠀⠀⠀⠀⡇⠀⠀⠀⠀⡇⠀⠀⠀⠀⡇⠀⠀⠀⠀⡇⠀⠀⠀⠀⡇⠀⠀⠀⠀⡇⠀⠀⠀⠀⡇⠀⠀⠀⢸│ 
      │⡇⠀⠀⠀⠀⡇⠀⠀⠀⠀⡇⠀⠀⠀⠀⡇⠀⠀⠀⠀⡇⠀⠀⠀⠀⡇⠀⠀⠀⠀⡇⠀⠀⠀⠀⡇⠀⠀⠀⠀⡇⠀⠀⠀⠀⡇⠀⠀⠀⠀⡇⠀⠀⠀⠀⡇⠀⠀⠀⠀⡇⠀⠀⠀⠀⡇⠀⠀⠀⠀⡇⠀⠀⠀⠀⡇⠀⠀⠀⢸│ 
      │⡏⠉⠉⠉⠉⡏⠉⠉⠉⠉⡏⠉⠉⠉⠉⡏⠉⠉⠉⠉⡏⠉⠉⠉⠉⡏⠉⠉⠉⠉⡏⠉⠉⠉⠉⡏⠉⠉⠉⠉⡏⠉⠉⠉⠉⡏⠉⠉⠉⠉⡏⠉⠉⠉⠉⡏⠉⠉⠉⠉⡏⠉⠉⠉⠉⡏⠉⠉⠉⠉⡏⠉⠉⠉⠉⡏⠉⠉⠉⢹│ 
      │⡇⠀⠀⠀⠀⡇⠀⠀⠀⠀⡇⠀⠀⠀⠀⡇⠀⠀⠀⠀⡇⠀⠀⠀⠀⡇⠀⠀⠀⠀⡇⠀⠀⠀⠀⡇⠀⠀⠀⠀⡇⠀⠀⠀⠀⡇⠀⠀⠀⠀⡇⠀⠀⠀⠀⡇⠀⠀⠀⠀⡇⠀⠀⠀⠀⡇⠀⠀⠀⠀⡇⠀⠀⠀⠀⡇⠀⠀⠀⢸│ 
      │⡧⠤⠤⠤⠤⡧⠤⠤⠤⠤⡧⠤⠤⠤⠤⡧⠤⠤⠤⠤⡧⠤⠤⠤⠤⡧⠤⠤⠤⠤⡧⠤⠤⠤⠤⡧⠤⠤⠤⠤⡧⠤⠤⠤⠤⡧⠤⠤⠤⠤⡧⠤⠤⠤⠤⡧⠤⠤⠤⠤⡧⠤⠤⠤⠤⡧⠤⠤⠤⠤⡧⠤⠤⠤⠤⡧⠤⠤⠤⢼│ 
      │⡇⠀⠀⠀⠀⡇⠀⠀⠀⠀⡇⠀⠀⠀⠀⡇⠀⠀⠀⠀⡇⠀⠀⠀⠀⡇⠀⠀⠀⠀⡇⠀⠀⠀⠀⡇⠀⠀⠀⠀⡇⠀⠀⠀⠀⡇⠀⠀⠀⠀⡇⠀⠀⠀⠀⡇⠀⠀⠀⠀⡇⠀⠀⠀⠀⡇⠀⠀⠀⠀⡇⠀⠀⠀⠀⡇⠀⠀⠀⢸│ 
      │⡇⠀⠀⠀⠀⡇⠀⠀⠀⠀⡇⠀⠀⠀⠀⡇⠀⠀⠀⠀⡇⠀⠀⠀⠀⡇⠀⠀⠀⠀⡇⠀⠀⠀⠀⡇⠀⠀⠀⠀⡇⠀⠀⠀⠀⡇⠀⠀⠀⠀⡇⠀⠀⠀⠀⡇⠀⠀⠀⠀⡇⠀⠀⠀⠀⡇⠀⠀⠀⠀⡇⠀⠀⠀⠀⡇⠀⠀⠀⢸│ 
      │⡏⠉⠉⠉⠉⡏⠉⠉⠉⠉⡏⠉⠉⠉⠉⡏⠉⠉⠉⠉⡏⠉⠉⠉⠉⡏⠉⠉⠉⠉⡏⠉⠉⠉⠉⡏⠉⠉⠉⠉⡏⠉⠉⠉⠉⡏⠉⠉⠉⠉⡏⠉⠉⠉⠉⡏⠉⠉⠉⠉⡏⠉⠉⠉⠉⡏⠉⠉⠉⠉⡏⠉⠉⠉⠉⡏⠉⠉⠉⢹│ 
      │⡇⠀⠀⠀⠀⡇⠀⠀⠀⠀⡇⠀⠀⠀⠀⡇⠀⠀⠀⠀⡇⠀⠀⠀⠀⡇⠀⠀⠀⠀⡇⠀⠀⠀⠀⡇⠀⠀⠀⠀⡇⠀⠀⠀⠀⡇⠀⠀⠀⠀⡇⠀⠀⠀⠀⡇⠀⠀⠀⠀⡇⠀⠀⠀⠀⡇⠀⠀⠀⠀⡇⠀⠀⠀⠀⡇⠀⠀⠀⢸│ 
      │⡧⠤⠤⠤⠤⡧⠤⠤⠤⠤⡧⠤⠤⠤⠤⡧⠤⠤⠤⠤⡧⠤⠤⠤⠤⡧⠤⠤⠤⠤⡧⠤⠤⠤⠤⡧⠤⠤⠤⠤⡧⠤⠤⠤⠤⡧⠤⠤⠤⠤⡧⠤⠤⠤⠤⡧⠤⠤⠤⠤⡧⠤⠤⠤⠤⡧⠤⠤⠤⠤⡧⠤⠤⠤⠤⡧⠤⠤⠤⢼│ 
      │⡇⠀⠀⠀⠀⡇⠀⠀⠀⠀⡇⠀⠀⠀⠀⡇⠀⠀⠀⠀⡇⠀⠀⠀⠀⡇⠀⠀⠀⠀⡇⠀⠀⠀⠀⡇⠀⠀⠀⠀⡇⠀⠀⠀⠀⡇⠀⠀⠀⠀⡇⠀⠀⠀⠀⡇⠀⠀⠀⠀⡇⠀⠀⠀⠀⡇⠀⠀⠀⠀⡇⠀⠀⠀⠀⡇⠀⠀⠀⢸│ 
      │⡇⠀⠀⠀⠀⡇⠀⠀⠀⠀⡇⠀⠀⠀⠀⡇⠀⠀⠀⠀⡇⠀⠀⠀⠀⡇⠀⠀⠀⠀⡇⠀⠀⠀⠀⡇⠀⠀⠀⠀⡇⠀⠀⠀⠀⡇⠀⠀⠀⠀⡇⠀⠀⠀⠀⡇⠀⠀⠀⠀⡇⠀⠀⠀⠀⡇⠀⠀⠀⠀⡇⠀⠀⠀⠀⡇⠀⠀⠀⢸│ 
      │⡏⠉⠉⠉⠉⡏⠉⠉⠉⠉⡏⠉⠉⠉⠉⡏⠉⠉⠉⠉⡏⠉⠉⠉⠉⡏⠉⠉⠉⠉⡏⠉⠉⠉⠉⡏⠉⠉⠉⠉⡏⠉⠉⠉⠉⡏⠉⠉⠉⠉⡏⠉⠉⠉⠉⡏⠉⠉⠉⠉⡏⠉⠉⠉⠉⡏⠉⠉⠉⠉⡏⠉⠉⠉⠉⡏⠉⠉⠉⢹│ 
      │⡇⠀⠀⠀⠀⡇⠀⠀⠀⠀⡇⠀⠀⠀⠀⡇⠀⠀⠀⠀⡇⠀⠀⠀⠀⡇⠀⠀⠀⠀⡇⠀⠀⠀⠀⡇⠀⠀⠀⠀⡇⠀⠀⠀⠀⡇⠀⠀⠀⠀⡇⠀⠀⠀⠀⡇⠀⠀⠀⠀⡇⠀⠀⠀⠀⡇⠀⠀⠀⠀⡇⠀⠀⠀⠀⡇⠀⠀⠀⢸│ 
      │⡧⠤⠤⠤⠤⡧⠤⠤⠤⠤⡧⠤⠤⠤⠤⡧⠤⠤⠤⠤⡧⠤⠤⠤⠤⡧⠤⠤⠤⠤⡧⠤⠤⠤⠤⡧⠤⠤⠤⠤⡧⠤⠤⠤⠤⡧⠤⠤⠤⠤⡧⠤⠤⠤⠤⡧⠤⠤⠤⠤⡧⠤⠤⠤⠤⡧⠤⠤⠤⠤⡧⠤⠤⠤⠤⡧⠤⠤⠤⢼│ 
      │⡇⠀⠀⠀⠀⡇⠀⠀⠀⠀⡇⠀⠀⠀⠀⡇⠀⠀⠀⠀⡇⠀⠀⠀⠀⡇⠀⠀⠀⠀⡇⠀⠀⠀⠀⡇⠀⠀⠀⠀⡇⠀⠀⠀⠀⡇⠀⠀⠀⠀⡇⠀⠀⠀⠀⡇⠀⠀⠀⠀⡇⠀⠀⠀⠀⡇⠀⠀⠀⠀⡇⠀⠀⠀⠀⡇⠀⠀⠀⢸│ 
      │⡇⠀⠀⠀⠀⡇⠀⠀⠀⠀⡇⠀⠀⠀⠀⡇⠀⠀⠀⠀⡇⠀⠀⠀⠀⡇⠀⠀⠀⠀⡇⠀⠀⠀⠀⡇⠀⠀⠀⠀⡇⠀⠀⠀⠀⡇⠀⠀⠀⠀⡇⠀⠀⠀⠀⡇⠀⠀⠀⠀⡇⠀⠀⠀⠀⡇⠀⠀⠀⠀⡇⠀⠀⠀⠀⡇⠀⠀⠀⢸│ 
      │⡏⠉⠉⠉⠉⡏⠉⠉⠉⠉⡏⠉⠉⠉⠉⡏⠉⠉⠉⠉⡏⠉⠉⠉⠉⡏⠉⠉⠉⠉⡏⠉⠉⠉⠉⡏⠉⠉⠉⠉⡏⠉⠉⠉⠉⡏⠉⠉⠉⠉⡏⠉⠉⠉⠉⡏⠉⠉⠉⠉⡏⠉⠉⠉⠉⡏⠉⠉⠉⠉⡏⠉⠉⠉⠉⡏⠉⠉⠉⢹│ 
      │⡇⠀⠀⠀⠀⡇⠀⠀⠀⠀⡇⠀⠀⠀⠀⡇⠀⠀⠀⠀⡇⠀⠀⠀⠀⡇⠀⠀⠀⠀⡇⠀⠀⠀⠀⡇⠀⠀⠀⠀⡇⠀⠀⠀⠀⡇⠀⠀⠀⠀⡇⠀⠀⠀⠀⡇⠀⠀⠀⠀⡇⠀⠀⠀⠀⡇⠀⠀⠀⠀⡇⠀⠀⠀⠀⡇⠀⠀⠀⢸│ 
      │⡧⠤⠤⠤⠤⡧⠤⠤⠤⠤⡧⠤⠤⠤⠤⡧⠤⠤⠤⠤⡧⠤⠤⠤⠤⡧⠤⠤⠤⠤⡧⠤⠤⠤⠤⡧⠤⠤⠤⠤⡧⠤⠤⠤⠤⡧⠤⠤⠤⠤⡧⠤⠤⠤⠤⡧⠤⠤⠤⠤⡧⠤⠤⠤⠤⡧⠤⠤⠤⠤⡧⠤⠤⠤⠤⡧⠤⠤⠤⢼│ 
      │⡇⠀⠀⠀⠀⡇⠀⠀⠀⠀⡇⠀⠀⠀⠀⡇⠀⠀⠀⠀⡇⠀⠀⠀⠀⡇⠀⠀⠀⠀⡇⠀⠀⠀⠀⡇⠀⠀⠀⠀⡇⠀⠀⠀⠀⡇⠀⠀⠀⠀⡇⠀⠀⠀⠀⡇⠀⠀⠀⠀⡇⠀⠀⠀⠀⡇⠀⠀⠀⠀⡇⠀⠀⠀⠀⡇⠀⠀⠀⢸│ 
      │⡇⠀⠀⠀⠀⡇⠀⠀⠀⠀⡇⠀⠀⠀⠀⡇⠀⠀⠀⠀⡇⠀⠀⠀⠀⡇⠀⠀⠀⠀⡇⠀⠀⠀⠀⡇⠀⠀⠀⠀⡇⠀⠀⠀⠀⡇⠀⠀⠀⠀⡇⠀⠀⠀⠀⡇⠀⠀⠀⠀⡇⠀⠀⠀⠀⡇⠀⠀⠀⠀⡇⠀⠀⠀⠀⡇⠀⠀⠀⢸│ 
      │⡏⠉⠉⠉⠉⡏⠉⠉⠉⠉⡏⠉⠉⠉⠉⡏⠉⠉⠉⠉⡏⠉⠉⠉⠉⡏⠉⠉⠉⠉⡏⠉⠉⠉⠉⡏⠉⠉⠉⠉⡏⠉⠉⠉⠉⡏⠉⠉⠉⠉⡏⠉⠉⠉⠉⡏⠉⠉⠉⠉⡏⠉⠉⠉⠉⡏⠉⠉⠉⠉⡏⠉⠉⠉⠉⡏⠉⠉⠉⢹│ 
      │⡇⠀⠀⠀⠀⡇⠀⠀⠀⠀⡇⠀⠀⠀⠀⡇⠀⠀⠀⠀⡇⠀⠀⠀⠀⡇⠀⠀⠀⠀⡇⠀⠀⠀⠀⡇⠀⠀⠀⠀⡇⠀⠀⠀⠀⡇⠀⠀⠀⠀⡇⠀⠀⠀⠀⡇⠀⠀⠀⠀⡇⠀⠀⠀⠀⡇⠀⠀⠀⠀⡇⠀⠀⠀⠀⡇⠀⠀⠀⢸│ 
      │⡧⠤⠤⠤⠤⡧⠤⠤⠤⠤⡧⠤⠤⠤⠤⡧⠤⠤⠤⠤⡧⠤⠤⠤⠤⡧⠤⠤⠤⠤⡧⠤⠤⠤⠤⡧⠤⠤⠤⠤⡧⠤⠤⠤⠤⡧⠤⠤⠤⠤⡧⠤⠤⠤⠤⡧⠤⠤⠤⠤⡧⠤⠤⠤⠤⡧⠤⠤⠤⠤⡧⠤⠤⠤⠤⡧⠤⠤⠤⢼│ 
      │⡇⠀⠀⠀⠀⡇⠀⠀⠀⠀⡇⠀⠀⠀⠀⡇⠀⠀⠀⠀⡇⠀⠀⠀⠀⡇⠀⠀⠀⠀⡇⠀⠀⠀⠀⡇⠀⠀⠀⠀⡇⠀⠀⠀⠀⡇⠀⠀⠀⠀⡇⠀⠀⠀⠀⡇⠀⠀⠀⠀⡇⠀⠀⠀⠀⡇⠀⠀⠀⠀⡇⠀⠀⠀⠀⡇⠀⠀⠀⢸│ 
      │⡇⠀⠀⠀⠀⡇⠀⠀⠀⠀⡇⠀⠀⠀⠀⡇⠀⠀⠀⠀⡇⠀⠀⠀⠀⡇⠀⠀⠀⠀⡇⠀⠀⠀⠀⡇⠀⠀⠀⠀⡇⠀⠀⠀⠀⡇⠀⠀⠀⠀⡇⠀⠀⠀⠀⡇⠀⠀⠀⠀⡇⠀⠀⠀⠀⡇⠀⠀⠀⠀⡇⠀⠀⠀⠀⡇⠀⠀⠀⢸│ 
      │⡏⠉⠉⠉⠉⡏⠉⠉⠉⠉⡏⠉⠉⠉⠉⡏⠉⠉⠉⠉⡏⠉⠉⠉⠉⡏⠉⠉⠉⠉⡏⠉⠉⠉⠉⡏⠉⠉⠉⠉⡏⠉⠉⠉⠉⡏⠉⠉⠉⠉⡏⠉⠉⠉⠉⡏⠉⠉⠉⠉⡏⠉⠉⠉⠉⡏⠉⠉⠉⠉⡏⠉⠉⠉⠉⡏⠉⠉⠉⢹│ 
      │⡇⠀⠀⠀⠀⡇⠀⠀⠀⠀⡇⠀⠀⠀⠀⡇⠀⠀⠀⠀⡇⠀⠀⠀⠀⡇⠀⠀⠀⠀⡇⠀⠀⠀⠀⡇⠀⠀⠀⠀⡇⠀⠀⠀⠀⡇⠀⠀⠀⠀⡇⠀⠀⠀⠀⡇⠀⠀⠀⠀⡇⠀⠀⠀⠀⡇⠀⠀⠀⠀⡇⠀⠀⠀⠀⡇⠀⠀⠀⢸│ 
      │⡧⠤⠤⠤⠤⡧⠤⠤⠤⠤⡧⠤⠤⠤⠤⡧⠤⠤⠤⠤⡧⠤⠤⠤⠤⡧⠤⠤⠤⠤⡧⠤⠤⠤⠤⡧⠤⠤⠤⠤⡧⠤⠤⠤⠤⡧⠤⠤⠤⠤⡧⠤⠤⠤⠤⡧⠤⠤⠤⠤⡧⠤⠤⠤⠤⡧⠤⠤⠤⠤⡧⠤⠤⠤⠤⡧⠤⠤⠤⢼│ 
      │⡇⠀⠀⠀⠀⡇⠀⠀⠀⠀⡇⠀⠀⠀⠀⡇⠀⠀⠀⠀⡇⠀⠀⠀⠀⡇⠀⠀⠀⠀⡇⠀⠀⠀⠀⡇⠀⠀⠀⠀⡇⠀⠀⠀⠀⡇⠀⠀⠀⠀⡇⠀⠀⠀⠀⡇⠀⠀⠀⠀⡇⠀⠀⠀⠀⡇⠀⠀⠀⠀⡇⠀⠀⠀⠀⡇⠀⠀⠀⢸│ 
   -4 │⣇⣀⣀⣀⣀⣇⣀⣀⣀⣀⣇⣀⣀⣀⣀⣇⣀⣀⣀⣀⣇⣀⣀⣀⣀⣇⣀⣀⣀⣀⣇⣀⣀⣀⣀⣇⣀⣀⣀⣀⣇⣀⣀⣀⣀⣇⣀⣀⣀⣀⣇⣀⣀⣀⣀⣇⣀⣀⣀⣀⣇⣀⣀⣀⣀⣇⣀⣀⣀⣀⣇⣀⣀⣀⣀⣇⣀⣀⣀⣸│ 
      └────────────────────────────────────────────────────────────────────────────────┘ 
      -4                                                                               4lvl = 1
(lvl, ϵ[lvl]) = (1, 103.44163168964738)
lvl = 2
(lvl, ϵ[lvl]) = (2, 25.847280029119844)
lvl = 3
(lvl, ϵ[lvl]) = (3, 6.461654438327335)
lvl = 4
(lvl, ϵ[lvl]) = (4, 1.615426181407458)
[2.0007325621278738, 2.0000369661437256, 1.9999887723863414]
