(nelems, nfaces) = (256, 544)
                                        connectivity
      ┌────────────────────────────────────────────────────────────────────────────────┐ 
    4 │⡏⠉⠉⠉⠉⡏⠉⠉⠉⠉⡏⠉⠉⠉⠉⡏⠉⠉⠉⠉⡏⠉⠉⠉⠉⡏⠉⠉⠉⠉⡏⠉⠉⠉⠉⡏⠉⠉⠉⠉⡏⠉⠉⠉⠉⡏⠉⠉⠉⠉⡏⠉⠉⠉⠉⡏⠉⠉⠉⠉⡏⠉⠉⠉⠉⡏⠉⠉⠉⠉⡏⠉⠉⠉⠉⡏⠉⠉⠉⢹│ 
      │⡇⠀⠀⠀⠀⡇⠀⠀⠀⠀⡇⠀⠀⠀⠀⡇⠀⠀⠀⠀⡇⠀⠀⠀⠀⡇⠀⠀⠀⠀⡇⠀⠀⠀⠀⡇⠀⠀⠀⠀⡇⠀⠀⠀⠀⡇⠀⠀⠀⠀⡇⠀⠀⠀⠀⡇⠀⠀⠀⠀⡇⠀⠀⠀⠀⡇⠀⠀⠀⠀⡇⠀⠀⠀⠀⡇⠀⠀⠀⢸│ 
      │⡧⠤⠤⠤⠤⡧⠤⠤⠤⠤⡧⠤⠤⠤⠤⡧⠤⠤⠤⠤⡧⠤⠤⠤⠤⡧⠤⠤⠤⠤⡧⠤⠤⠤⠤⡧⠤⠤⠤⠤⡧⠤⠤⠤⠤⡧⠤⠤⠤⠤⡧⠤⠤⠤⠤⡧⠤⠤⠤⠤⡧⠤⠤⠤⠤⡧⠤⠤⠤⠤⡧⠤⠤⠤⠤⡧⠤⠤⠤⢼│ 
      │⡇⠀⠀⠀⠀⡇⠀⠀⠀⠀⡇⠀⠀⠀⠀⡇⠀⠀⠀⠀⡇⠀⠀⠀⠀⡇⠀⠀⠀⠀⡇⠀⠀⠀⠀⡇⠀⠀⠀⠀⡇⠀⠀⠀⠀⡇⠀⠀⠀⠀⡇⠀⠀⠀⠀⡇⠀⠀⠀⠀⡇⠀⠀⠀⠀⡇⠀⠀⠀⠀⡇⠀⠀⠀⠀⡇⠀⠀⠀⢸│ 
      │⡇⠀⠀⠀⠀⡇⠀⠀⠀⠀⡇⠀⠀⠀⠀⡇⠀⠀⠀⠀⡇⠀⠀⠀⠀⡇⠀⠀⠀⠀⡇⠀⠀⠀⠀⡇⠀⠀⠀⠀⡇⠀⠀⠀⠀⡇⠀⠀⠀⠀⡇⠀⠀⠀⠀⡇⠀⠀⠀⠀⡇⠀⠀⠀⠀⡇⠀⠀⠀⠀⡇⠀⠀⠀⠀⡇⠀⠀⠀⢸│ 
      │⡏⠉⠉⠉⠉⡏⠉⠉⠉⠉⡏⠉⠉⠉⠉⡏⠉⠉⠉⠉⡏⠉⠉⠉⠉⡏⠉⠉⠉⠉⡏⠉⠉⠉⠉⡏⠉⠉⠉⠉⡏⠉⠉⠉⠉⡏⠉⠉⠉⠉⡏⠉⠉⠉⠉⡏⠉⠉⠉⠉⡏⠉⠉⠉⠉⡏⠉⠉⠉⠉⡏⠉⠉⠉⠉⡏⠉⠉⠉⢹│ 
      │⡇⠀⠀⠀⠀⡇⠀⠀⠀⠀⡇⠀⠀⠀⠀⡇⠀⠀⠀⠀⡇⠀⠀⠀⠀⡇⠀⠀⠀⠀⡇⠀⠀⠀⠀⡇⠀⠀⠀⠀⡇⠀⠀⠀⠀⡇⠀⠀⠀⠀⡇⠀⠀⠀⠀⡇⠀⠀⠀⠀⡇⠀⠀⠀⠀⡇⠀⠀⠀⠀⡇⠀⠀⠀⠀⡇⠀⠀⠀⢸│ 
      │⡧⠤⠤⠤⠤⡧⠤⠤⠤⠤⡧⠤⠤⠤⠤⡧⠤⠤⠤⠤⡧⠤⠤⠤⠤⡧⠤⠤⠤⠤⡧⠤⠤⠤⠤⡧⠤⠤⠤⠤⡧⠤⠤⠤⠤⡧⠤⠤⠤⠤⡧⠤⠤⠤⠤⡧⠤⠤⠤⠤⡧⠤⠤⠤⠤⡧⠤⠤⠤⠤⡧⠤⠤⠤⠤⡧⠤⠤⠤⢼│ 
      │⡇⠀⠀⠀⠀⡇⠀⠀⠀⠀⡇⠀⠀⠀⠀⡇⠀⠀⠀⠀⡇⠀⠀⠀⠀⡇⠀⠀⠀⠀⡇⠀⠀⠀⠀⡇⠀⠀⠀⠀⡇⠀⠀⠀⠀⡇⠀⠀⠀⠀⡇⠀⠀⠀⠀⡇⠀⠀⠀⠀⡇⠀⠀⠀⠀⡇⠀⠀⠀⠀⡇⠀⠀⠀⠀⡇⠀⠀⠀⢸│ 
      │⡇⠀⠀⠀⠀⡇⠀⠀⠀⠀⡇⠀⠀⠀⠀⡇⠀⠀⠀⠀⡇⠀⠀⠀⠀⡇⠀⠀⠀⠀⡇⠀⠀⠀⠀⡇⠀⠀⠀⠀⡇⠀⠀⠀⠀⡇⠀⠀⠀⠀⡇⠀⠀⠀⠀⡇⠀⠀⠀⠀⡇⠀⠀⠀⠀⡇⠀⠀⠀⠀⡇⠀⠀⠀⠀⡇⠀⠀⠀⢸│ 
      │⡏⠉⠉⠉⠉⡏⠉⠉⠉⠉⡏⠉⠉⠉⠉⡏⠉⠉⠉⠉⡏⠉⠉⠉⠉⡏⠉⠉⠉⠉⡏⠉⠉⠉⠉⡏⠉⠉⠉⠉⡏⠉⠉⠉⠉⡏⠉⠉⠉⠉⡏⠉⠉⠉⠉⡏⠉⠉⠉⠉⡏⠉⠉⠉⠉⡏⠉⠉⠉⠉⡏⠉⠉⠉⠉⡏⠉⠉⠉⢹│ 
      │⡇⠀⠀⠀⠀⡇⠀⠀⠀⠀⡇⠀⠀⠀⠀⡇⠀⠀⠀⠀⡇⠀⠀⠀⠀⡇⠀⠀⠀⠀⡇⠀⠀⠀⠀⡇⠀⠀⠀⠀⡇⠀⠀⠀⠀⡇⠀⠀⠀⠀⡇⠀⠀⠀⠀⡇⠀⠀⠀⠀⡇⠀⠀⠀⠀⡇⠀⠀⠀⠀⡇⠀⠀⠀⠀⡇⠀⠀⠀⢸│ 
      │⡧⠤⠤⠤⠤⡧⠤⠤⠤⠤⡧⠤⠤⠤⠤⡧⠤⠤⠤⠤⡧⠤⠤⠤⠤⡧⠤⠤⠤⠤⡧⠤⠤⠤⠤⡧⠤⠤⠤⠤⡧⠤⠤⠤⠤⡧⠤⠤⠤⠤⡧⠤⠤⠤⠤⡧⠤⠤⠤⠤⡧⠤⠤⠤⠤⡧⠤⠤⠤⠤⡧⠤⠤⠤⠤⡧⠤⠤⠤⢼│ 
      │⡇⠀⠀⠀⠀⡇⠀⠀⠀⠀⡇⠀⠀⠀⠀⡇⠀⠀⠀⠀⡇⠀⠀⠀⠀⡇⠀⠀⠀⠀⡇⠀⠀⠀⠀⡇⠀⠀⠀⠀⡇⠀⠀⠀⠀⡇⠀⠀⠀⠀⡇⠀⠀⠀⠀⡇⠀⠀⠀⠀⡇⠀⠀⠀⠀⡇⠀⠀⠀⠀⡇⠀⠀⠀⠀⡇⠀⠀⠀⢸│ 
      │⡇⠀⠀⠀⠀⡇⠀⠀⠀⠀⡇⠀⠀⠀⠀⡇⠀⠀⠀⠀⡇⠀⠀⠀⠀⡇⠀⠀⠀⠀⡇⠀⠀⠀⠀⡇⠀⠀⠀⠀⡇⠀⠀⠀⠀⡇⠀⠀⠀⠀⡇⠀⠀⠀⠀⡇⠀⠀⠀⠀⡇⠀⠀⠀⠀⡇⠀⠀⠀⠀⡇⠀⠀⠀⠀⡇⠀⠀⠀⢸│ 
      │⡏⠉⠉⠉⠉⡏⠉⠉⠉⠉⡏⠉⠉⠉⠉⡏⠉⠉⠉⠉⡏⠉⠉⠉⠉⡏⠉⠉⠉⠉⡏⠉⠉⠉⠉⡏⠉⠉⠉⠉⡏⠉⠉⠉⠉⡏⠉⠉⠉⠉⡏⠉⠉⠉⠉⡏⠉⠉⠉⠉⡏⠉⠉⠉⠉⡏⠉⠉⠉⠉⡏⠉⠉⠉⠉⡏⠉⠉⠉⢹│ 
      │⡇⠀⠀⠀⠀⡇⠀⠀⠀⠀⡇⠀⠀⠀⠀⡇⠀⠀⠀⠀⡇⠀⠀⠀⠀⡇⠀⠀⠀⠀⡇⠀⠀⠀⠀⡇⠀⠀⠀⠀⡇⠀⠀⠀⠀⡇⠀⠀⠀⠀⡇⠀⠀⠀⠀⡇⠀⠀⠀⠀⡇⠀⠀⠀⠀⡇⠀⠀⠀⠀⡇⠀⠀⠀⠀⡇⠀⠀⠀⢸│ 
      │⡧⠤⠤⠤⠤⡧⠤⠤⠤⠤⡧⠤⠤⠤⠤⡧⠤⠤⠤⠤⡧⠤⠤⠤⠤⡧⠤⠤⠤⠤⡧⠤⠤⠤⠤⡧⠤⠤⠤⠤⡧⠤⠤⠤⠤⡧⠤⠤⠤⠤⡧⠤⠤⠤⠤⡧⠤⠤⠤⠤⡧⠤⠤⠤⠤⡧⠤⠤⠤⠤⡧⠤⠤⠤⠤⡧⠤⠤⠤⢼│ 
      │⡇⠀⠀⠀⠀⡇⠀⠀⠀⠀⡇⠀⠀⠀⠀⡇⠀⠀⠀⠀⡇⠀⠀⠀⠀⡇⠀⠀⠀⠀⡇⠀⠀⠀⠀⡇⠀⠀⠀⠀⡇⠀⠀⠀⠀⡇⠀⠀⠀⠀⡇⠀⠀⠀⠀⡇⠀⠀⠀⠀⡇⠀⠀⠀⠀⡇⠀⠀⠀⠀⡇⠀⠀⠀⠀⡇⠀⠀⠀⢸│ 
      │⡇⠀⠀⠀⠀⡇⠀⠀⠀⠀⡇⠀⠀⠀⠀⡇⠀⠀⠀⠀⡇⠀⠀⠀⠀⡇⠀⠀⠀⠀⡇⠀⠀⠀⠀⡇⠀⠀⠀⠀⡇⠀⠀⠀⠀⡇⠀⠀⠀⠀⡇⠀⠀⠀⠀⡇⠀⠀⠀⠀⡇⠀⠀⠀⠀⡇⠀⠀⠀⠀⡇⠀⠀⠀⠀⡇⠀⠀⠀⢸│ 
      │⡏⠉⠉⠉⠉⡏⠉⠉⠉⠉⡏⠉⠉⠉⠉⡏⠉⠉⠉⠉⡏⠉⠉⠉⠉⡏⠉⠉⠉⠉⡏⠉⠉⠉⠉⡏⠉⠉⠉⠉⡏⠉⠉⠉⠉⡏⠉⠉⠉⠉⡏⠉⠉⠉⠉⡏⠉⠉⠉⠉⡏⠉⠉⠉⠉⡏⠉⠉⠉⠉⡏⠉⠉⠉⠉⡏⠉⠉⠉⢹│ 
      │⡇⠀⠀⠀⠀⡇⠀⠀⠀⠀⡇⠀⠀⠀⠀⡇⠀⠀⠀⠀⡇⠀⠀⠀⠀⡇⠀⠀⠀⠀⡇⠀⠀⠀⠀⡇⠀⠀⠀⠀⡇⠀⠀⠀⠀⡇⠀⠀⠀⠀⡇⠀⠀⠀⠀⡇⠀⠀⠀⠀⡇⠀⠀⠀⠀⡇⠀⠀⠀⠀⡇⠀⠀⠀⠀⡇⠀⠀⠀⢸│ 
      │⡧⠤⠤⠤⠤⡧⠤⠤⠤⠤⡧⠤⠤⠤⠤⡧⠤⠤⠤⠤⡧⠤⠤⠤⠤⡧⠤⠤⠤⠤⡧⠤⠤⠤⠤⡧⠤⠤⠤⠤⡧⠤⠤⠤⠤⡧⠤⠤⠤⠤⡧⠤⠤⠤⠤⡧⠤⠤⠤⠤⡧⠤⠤⠤⠤⡧⠤⠤⠤⠤⡧⠤⠤⠤⠤⡧⠤⠤⠤⢼│ 
      │⡇⠀⠀⠀⠀⡇⠀⠀⠀⠀⡇⠀⠀⠀⠀⡇⠀⠀⠀⠀⡇⠀⠀⠀⠀⡇⠀⠀⠀⠀⡇⠀⠀⠀⠀⡇⠀⠀⠀⠀⡇⠀⠀⠀⠀⡇⠀⠀⠀⠀⡇⠀⠀⠀⠀⡇⠀⠀⠀⠀⡇⠀⠀⠀⠀⡇⠀⠀⠀⠀⡇⠀⠀⠀⠀⡇⠀⠀⠀⢸│ 
      │⡇⠀⠀⠀⠀⡇⠀⠀⠀⠀⡇⠀⠀⠀⠀⡇⠀⠀⠀⠀⡇⠀⠀⠀⠀⡇⠀⠀⠀⠀⡇⠀⠀⠀⠀⡇⠀⠀⠀⠀⡇⠀⠀⠀⠀⡇⠀⠀⠀⠀⡇⠀⠀⠀⠀⡇⠀⠀⠀⠀⡇⠀⠀⠀⠀⡇⠀⠀⠀⠀⡇⠀⠀⠀⠀⡇⠀⠀⠀⢸│ 
      │⡏⠉⠉⠉⠉⡏⠉⠉⠉⠉⡏⠉⠉⠉⠉⡏⠉⠉⠉⠉⡏⠉⠉⠉⠉⡏⠉⠉⠉⠉⡏⠉⠉⠉⠉⡏⠉⠉⠉⠉⡏⠉⠉⠉⠉⡏⠉⠉⠉⠉⡏⠉⠉⠉⠉⡏⠉⠉⠉⠉⡏⠉⠉⠉⠉⡏⠉⠉⠉⠉⡏⠉⠉⠉⠉⡏⠉⠉⠉⢹│ 
      │⡇⠀⠀⠀⠀⡇⠀⠀⠀⠀⡇⠀⠀⠀⠀⡇⠀⠀⠀⠀⡇⠀⠀⠀⠀⡇⠀⠀⠀⠀⡇⠀⠀⠀⠀⡇⠀⠀⠀⠀⡇⠀⠀⠀⠀⡇⠀⠀⠀⠀⡇⠀⠀⠀⠀⡇⠀⠀⠀⠀⡇⠀⠀⠀⠀⡇⠀⠀⠀⠀⡇⠀⠀⠀⠀⡇⠀⠀⠀⢸│ 
      │⡧⠤⠤⠤⠤⡧⠤⠤⠤⠤⡧⠤⠤⠤⠤⡧⠤⠤⠤⠤⡧⠤⠤⠤⠤⡧⠤⠤⠤⠤⡧⠤⠤⠤⠤⡧⠤⠤⠤⠤⡧⠤⠤⠤⠤⡧⠤⠤⠤⠤⡧⠤⠤⠤⠤⡧⠤⠤⠤⠤⡧⠤⠤⠤⠤⡧⠤⠤⠤⠤⡧⠤⠤⠤⠤⡧⠤⠤⠤⢼│ 
      │⡇⠀⠀⠀⠀⡇⠀⠀⠀⠀⡇⠀⠀⠀⠀⡇⠀⠀⠀⠀⡇⠀⠀⠀⠀⡇⠀⠀⠀⠀⡇⠀⠀⠀⠀⡇⠀⠀⠀⠀⡇⠀⠀⠀⠀⡇⠀⠀⠀⠀⡇⠀⠀⠀⠀⡇⠀⠀⠀⠀⡇⠀⠀⠀⠀⡇⠀⠀⠀⠀⡇⠀⠀⠀⠀⡇⠀⠀⠀⢸│ 
      │⡇⠀⠀⠀⠀⡇⠀⠀⠀⠀⡇⠀⠀⠀⠀⡇⠀⠀⠀⠀⡇⠀⠀⠀⠀⡇⠀⠀⠀⠀⡇⠀⠀⠀⠀⡇⠀⠀⠀⠀⡇⠀⠀⠀⠀⡇⠀⠀⠀⠀⡇⠀⠀⠀⠀⡇⠀⠀⠀⠀⡇⠀⠀⠀⠀⡇⠀⠀⠀⠀⡇⠀⠀⠀⠀⡇⠀⠀⠀⢸│ 
      │⡏⠉⠉⠉⠉⡏⠉⠉⠉⠉⡏⠉⠉⠉⠉⡏⠉⠉⠉⠉⡏⠉⠉⠉⠉⡏⠉⠉⠉⠉⡏⠉⠉⠉⠉⡏⠉⠉⠉⠉⡏⠉⠉⠉⠉⡏⠉⠉⠉⠉⡏⠉⠉⠉⠉⡏⠉⠉⠉⠉⡏⠉⠉⠉⠉⡏⠉⠉⠉⠉⡏⠉⠉⠉⠉⡏⠉⠉⠉⢹│ 
      │⡇⠀⠀⠀⠀⡇⠀⠀⠀⠀⡇⠀⠀⠀⠀⡇⠀⠀⠀⠀⡇⠀⠀⠀⠀⡇⠀⠀⠀⠀⡇⠀⠀⠀⠀⡇⠀⠀⠀⠀⡇⠀⠀⠀⠀⡇⠀⠀⠀⠀⡇⠀⠀⠀⠀⡇⠀⠀⠀⠀⡇⠀⠀⠀⠀⡇⠀⠀⠀⠀⡇⠀⠀⠀⠀⡇⠀⠀⠀⢸│ 
      │⡧⠤⠤⠤⠤⡧⠤⠤⠤⠤⡧⠤⠤⠤⠤⡧⠤⠤⠤⠤⡧⠤⠤⠤⠤⡧⠤⠤⠤⠤⡧⠤⠤⠤⠤⡧⠤⠤⠤⠤⡧⠤⠤⠤⠤⡧⠤⠤⠤⠤⡧⠤⠤⠤⠤⡧⠤⠤⠤⠤⡧⠤⠤⠤⠤⡧⠤⠤⠤⠤⡧⠤⠤⠤⠤⡧⠤⠤⠤⢼│ 
      │⡇⠀⠀⠀⠀⡇⠀⠀⠀⠀⡇⠀⠀⠀⠀⡇⠀⠀⠀⠀⡇⠀⠀⠀⠀⡇⠀⠀⠀⠀⡇⠀⠀⠀⠀⡇⠀⠀⠀⠀⡇⠀⠀⠀⠀⡇⠀⠀⠀⠀⡇⠀⠀⠀⠀⡇⠀⠀⠀⠀⡇⠀⠀⠀⠀⡇⠀⠀⠀⠀⡇⠀⠀⠀⠀⡇⠀⠀⠀⢸│ 
      │⡇⠀⠀⠀⠀⡇⠀⠀⠀⠀⡇⠀⠀⠀⠀⡇⠀⠀⠀⠀⡇⠀⠀⠀⠀⡇⠀⠀⠀⠀⡇⠀⠀⠀⠀⡇⠀⠀⠀⠀⡇⠀⠀⠀⠀⡇⠀⠀⠀⠀⡇⠀⠀⠀⠀⡇⠀⠀⠀⠀⡇⠀⠀⠀⠀⡇⠀⠀⠀⠀⡇⠀⠀⠀⠀⡇⠀⠀⠀⢸│ 
      │⡏⠉⠉⠉⠉⡏⠉⠉⠉⠉⡏⠉⠉⠉⠉⡏⠉⠉⠉⠉⡏⠉⠉⠉⠉⡏⠉⠉⠉⠉⡏⠉⠉⠉⠉⡏⠉⠉⠉⠉⡏⠉⠉⠉⠉⡏⠉⠉⠉⠉⡏⠉⠉⠉⠉⡏⠉⠉⠉⠉⡏⠉⠉⠉⠉⡏⠉⠉⠉⠉⡏⠉⠉⠉⠉⡏⠉⠉⠉⢹│ 
      │⡇⠀⠀⠀⠀⡇⠀⠀⠀⠀⡇⠀⠀⠀⠀⡇⠀⠀⠀⠀⡇⠀⠀⠀⠀⡇⠀⠀⠀⠀⡇⠀⠀⠀⠀⡇⠀⠀⠀⠀⡇⠀⠀⠀⠀⡇⠀⠀⠀⠀⡇⠀⠀⠀⠀⡇⠀⠀⠀⠀⡇⠀⠀⠀⠀⡇⠀⠀⠀⠀⡇⠀⠀⠀⠀⡇⠀⠀⠀⢸│ 
      │⡧⠤⠤⠤⠤⡧⠤⠤⠤⠤⡧⠤⠤⠤⠤⡧⠤⠤⠤⠤⡧⠤⠤⠤⠤⡧⠤⠤⠤⠤⡧⠤⠤⠤⠤⡧⠤⠤⠤⠤⡧⠤⠤⠤⠤⡧⠤⠤⠤⠤⡧⠤⠤⠤⠤⡧⠤⠤⠤⠤⡧⠤⠤⠤⠤⡧⠤⠤⠤⠤⡧⠤⠤⠤⠤⡧⠤⠤⠤⢼│ 
      │⡇⠀⠀⠀⠀⡇⠀⠀⠀⠀⡇⠀⠀⠀⠀⡇⠀⠀⠀⠀⡇⠀⠀⠀⠀⡇⠀⠀⠀⠀⡇⠀⠀⠀⠀⡇⠀⠀⠀⠀⡇⠀⠀⠀⠀⡇⠀⠀⠀⠀⡇⠀⠀⠀⠀⡇⠀⠀⠀⠀⡇⠀⠀⠀⠀⡇⠀⠀⠀⠀⡇⠀⠀⠀⠀⡇⠀⠀⠀⢸│ 
   -4 │⣇⣀⣀⣀⣀⣇⣀⣀⣀⣀⣇⣀⣀⣀⣀⣇⣀⣀⣀⣀⣇⣀⣀⣀⣀⣇⣀⣀⣀⣀⣇⣀⣀⣀⣀⣇⣀⣀⣀⣀⣇⣀⣀⣀⣀⣇⣀⣀⣀⣀⣇⣀⣀⣀⣀⣇⣀⣀⣀⣀⣇⣀⣀⣀⣀⣇⣀⣀⣀⣀⣇⣀⣀⣀⣀⣇⣀⣀⣀⣸│ 
      └────────────────────────────────────────────────────────────────────────────────┘ 
      -4                                                                               4                                            mesh
      ┌────────────────────────────────────────────────────────────────────────────────┐ 
    4 │⡏⠉⠉⠉⠉⡏⠉⠉⠉⠉⡏⠉⠉⠉⠉⡏⠉⠉⠉⠉⡏⠉⠉⠉⠉⡏⠉⠉⠉⠉⡏⠉⠉⠉⠉⡏⠉⠉⠉⠉⡏⠉⠉⠉⠉⡏⠉⠉⠉⠉⡏⠉⠉⠉⠉⡏⠉⠉⠉⠉⡏⠉⠉⠉⠉⡏⠉⠉⠉⠉⡏⠉⠉⠉⠉⡏⠉⠉⠉⢹│ 
      │⡇⠀⠀⠀⠀⡇⠀⠀⠀⠀⡇⠀⠀⠀⠀⡇⠀⠀⠀⠀⡇⠀⠀⠀⠀⡇⠀⠀⠀⠀⡇⠀⠀⠀⠀⡇⠀⠀⠀⠀⡇⠀⠀⠀⠀⡇⠀⠀⠀⠀⡇⠀⠀⠀⠀⡇⠀⠀⠀⠀⡇⠀⠀⠀⠀⡇⠀⠀⠀⠀⡇⠀⠀⠀⠀⡇⠀⠀⠀⢸│ 
      │⡧⠤⠤⠤⠤⡧⠤⠤⠤⠤⡧⠤⠤⠤⠤⡧⠤⠤⠤⠤⡧⠤⠤⠤⠤⡧⠤⠤⠤⠤⡧⠤⠤⠤⠤⡧⠤⠤⠤⠤⡧⠤⠤⠤⠤⡧⠤⠤⠤⠤⡧⠤⠤⠤⠤⡧⠤⠤⠤⠤⡧⠤⠤⠤⠤⡧⠤⠤⠤⠤⡧⠤⠤⠤⠤⡧⠤⠤⠤⢼│ 
      │⡇⠀⠀⠀⠀⡇⠀⠀⠀⠀⡇⠀⠀⠀⠀⡇⠀⠀⠀⠀⡇⠀⠀⠀⠀⡇⠀⠀⠀⠀⡇⠀⠀⠀⠀⡇⠀⠀⠀⠀⡇⠀⠀⠀⠀⡇⠀⠀⠀⠀⡇⠀⠀⠀⠀⡇⠀⠀⠀⠀⡇⠀⠀⠀⠀⡇⠀⠀⠀⠀⡇⠀⠀⠀⠀⡇⠀⠀⠀⢸│ 
      │⡇⠀⠀⠀⠀⡇⠀⠀⠀⠀⡇⠀⠀⠀⠀⡇⠀⠀⠀⠀⡇⠀⠀⠀⠀⡇⠀⠀⠀⠀⡇⠀⠀⠀⠀⡇⠀⠀⠀⠀⡇⠀⠀⠀⠀⡇⠀⠀⠀⠀⡇⠀⠀⠀⠀⡇⠀⠀⠀⠀⡇⠀⠀⠀⠀⡇⠀⠀⠀⠀⡇⠀⠀⠀⠀⡇⠀⠀⠀⢸│ 
      │⡏⠉⠉⠉⠉⡏⠉⠉⠉⠉⡏⠉⠉⠉⠉⡏⠉⠉⠉⠉⡏⠉⠉⠉⠉⡏⠉⠉⠉⠉⡏⠉⠉⠉⠉⡏⠉⠉⠉⠉⡏⠉⠉⠉⠉⡏⠉⠉⠉⠉⡏⠉⠉⠉⠉⡏⠉⠉⠉⠉⡏⠉⠉⠉⠉⡏⠉⠉⠉⠉⡏⠉⠉⠉⠉⡏⠉⠉⠉⢹│ 
      │⡇⠀⠀⠀⠀⡇⠀⠀⠀⠀⡇⠀⠀⠀⠀⡇⠀⠀⠀⠀⡇⠀⠀⠀⠀⡇⠀⠀⠀⠀⡇⠀⠀⠀⠀⡇⠀⠀⠀⠀⡇⠀⠀⠀⠀⡇⠀⠀⠀⠀⡇⠀⠀⠀⠀⡇⠀⠀⠀⠀⡇⠀⠀⠀⠀⡇⠀⠀⠀⠀⡇⠀⠀⠀⠀⡇⠀⠀⠀⢸│ 
      │⡧⠤⠤⠤⠤⡧⠤⠤⠤⠤⡧⠤⠤⠤⠤⡧⠤⠤⠤⠤⡧⠤⠤⠤⠤⡧⠤⠤⠤⠤⡧⠤⠤⠤⠤⡧⠤⠤⠤⠤⡧⠤⠤⠤⠤⡧⠤⠤⠤⠤⡧⠤⠤⠤⠤⡧⠤⠤⠤⠤⡧⠤⠤⠤⠤⡧⠤⠤⠤⠤⡧⠤⠤⠤⠤⡧⠤⠤⠤⢼│ 
      │⡇⠀⠀⠀⠀⡇⠀⠀⠀⠀⡇⠀⠀⠀⠀⡇⠀⠀⠀⠀⡇⠀⠀⠀⠀⡇⠀⠀⠀⠀⡇⠀⠀⠀⠀⡇⠀⠀⠀⠀⡇⠀⠀⠀⠀⡇⠀⠀⠀⠀⡇⠀⠀⠀⠀⡇⠀⠀⠀⠀⡇⠀⠀⠀⠀⡇⠀⠀⠀⠀⡇⠀⠀⠀⠀⡇⠀⠀⠀⢸│ 
      │⡇⠀⠀⠀⠀⡇⠀⠀⠀⠀⡇⠀⠀⠀⠀⡇⠀⠀⠀⠀⡇⠀⠀⠀⠀⡇⠀⠀⠀⠀⡇⠀⠀⠀⠀⡇⠀⠀⠀⠀⡇⠀⠀⠀⠀⡇⠀⠀⠀⠀⡇⠀⠀⠀⠀⡇⠀⠀⠀⠀⡇⠀⠀⠀⠀⡇⠀⠀⠀⠀⡇⠀⠀⠀⠀⡇⠀⠀⠀⢸│ 
      │⡏⠉⠉⠉⠉⡏⠉⠉⠉⠉⡏⠉⠉⠉⠉⡏⠉⠉⠉⠉⡏⠉⠉⠉⠉⡏⠉⠉⠉⠉⡏⠉⠉⠉⠉⡏⠉⠉⠉⠉⡏⠉⠉⠉⠉⡏⠉⠉⠉⠉⡏⠉⠉⠉⠉⡏⠉⠉⠉⠉⡏⠉⠉⠉⠉⡏⠉⠉⠉⠉⡏⠉⠉⠉⠉⡏⠉⠉⠉⢹│ 
      │⡇⠀⠀⠀⠀⡇⠀⠀⠀⠀⡇⠀⠀⠀⠀⡇⠀⠀⠀⠀⡇⠀⠀⠀⠀⡇⠀⠀⠀⠀⡇⠀⠀⠀⠀⡇⠀⠀⠀⠀⡇⠀⠀⠀⠀⡇⠀⠀⠀⠀⡇⠀⠀⠀⠀⡇⠀⠀⠀⠀⡇⠀⠀⠀⠀⡇⠀⠀⠀⠀⡇⠀⠀⠀⠀⡇⠀⠀⠀⢸│ 
      │⡧⠤⠤⠤⠤⡧⠤⠤⠤⠤⡧⠤⠤⠤⠤⡧⠤⠤⠤⠤⡧⠤⠤⠤⠤⡧⠤⠤⠤⠤⡧⠤⠤⠤⠤⡧⠤⠤⠤⠤⡧⠤⠤⠤⠤⡧⠤⠤⠤⠤⡧⠤⠤⠤⠤⡧⠤⠤⠤⠤⡧⠤⠤⠤⠤⡧⠤⠤⠤⠤⡧⠤⠤⠤⠤⡧⠤⠤⠤⢼│ 
      │⡇⠀⠀⠀⠀⡇⠀⠀⠀⠀⡇⠀⠀⠀⠀⡇⠀⠀⠀⠀⡇⠀⠀⠀⠀⡇⠀⠀⠀⠀⡇⠀⠀⠀⠀⡇⠀⠀⠀⠀⡇⠀⠀⠀⠀⡇⠀⠀⠀⠀⡇⠀⠀⠀⠀⡇⠀⠀⠀⠀⡇⠀⠀⠀⠀⡇⠀⠀⠀⠀⡇⠀⠀⠀⠀⡇⠀⠀⠀⢸│ 
      │⡇⠀⠀⠀⠀⡇⠀⠀⠀⠀⡇⠀⠀⠀⠀⡇⠀⠀⠀⠀⡇⠀⠀⠀⠀⡇⠀⠀⠀⠀⡇⠀⠀⠀⠀⡇⠀⠀⠀⠀⡇⠀⠀⠀⠀⡇⠀⠀⠀⠀⡇⠀⠀⠀⠀⡇⠀⠀⠀⠀⡇⠀⠀⠀⠀⡇⠀⠀⠀⠀⡇⠀⠀⠀⠀⡇⠀⠀⠀⢸│ 
      │⡏⠉⠉⠉⠉⡏⠉⠉⠉⠉⡏⠉⠉⠉⠉⡏⠉⠉⠉⠉⡏⠉⠉⠉⠉⡏⠉⠉⠉⠉⡏⠉⠉⠉⠉⡏⠉⠉⠉⠉⡏⠉⠉⠉⠉⡏⠉⠉⠉⠉⡏⠉⠉⠉⠉⡏⠉⠉⠉⠉⡏⠉⠉⠉⠉⡏⠉⠉⠉⠉⡏⠉⠉⠉⠉⡏⠉⠉⠉⢹│ 
      │⡇⠀⠀⠀⠀⡇⠀⠀⠀⠀⡇⠀⠀⠀⠀⡇⠀⠀⠀⠀⡇⠀⠀⠀⠀⡇⠀⠀⠀⠀⡇⠀⠀⠀⠀⡇⠀⠀⠀⠀⡇⠀⠀⠀⠀⡇⠀⠀⠀⠀⡇⠀⠀⠀⠀⡇⠀⠀⠀⠀⡇⠀⠀⠀⠀⡇⠀⠀⠀⠀⡇⠀⠀⠀⠀⡇⠀⠀⠀⢸│ 
      │⡧⠤⠤⠤⠤⡧⠤⠤⠤⠤⡧⠤⠤⠤⠤⡧⠤⠤⠤⠤⡧⠤⠤⠤⠤⡧⠤⠤⠤⠤⡧⠤⠤⠤⠤⡧⠤⠤⠤⠤⡧⠤⠤⠤⠤⡧⠤⠤⠤⠤⡧⠤⠤⠤⠤⡧⠤⠤⠤⠤⡧⠤⠤⠤⠤⡧⠤⠤⠤⠤⡧⠤⠤⠤⠤⡧⠤⠤⠤⢼│ 
      │⡇⠀⠀⠀⠀⡇⠀⠀⠀⠀⡇⠀⠀⠀⠀⡇⠀⠀⠀⠀⡇⠀⠀⠀⠀⡇⠀⠀⠀⠀⡇⠀⠀⠀⠀⡇⠀⠀⠀⠀⡇⠀⠀⠀⠀⡇⠀⠀⠀⠀⡇⠀⠀⠀⠀⡇⠀⠀⠀⠀⡇⠀⠀⠀⠀⡇⠀⠀⠀⠀⡇⠀⠀⠀⠀⡇⠀⠀⠀⢸│ 
      │⡇⠀⠀⠀⠀⡇⠀⠀⠀⠀⡇⠀⠀⠀⠀⡇⠀⠀⠀⠀⡇⠀⠀⠀⠀⡇⠀⠀⠀⠀⡇⠀⠀⠀⠀⡇⠀⠀⠀⠀⡇⠀⠀⠀⠀⡇⠀⠀⠀⠀⡇⠀⠀⠀⠀⡇⠀⠀⠀⠀⡇⠀⠀⠀⠀⡇⠀⠀⠀⠀⡇⠀⠀⠀⠀⡇⠀⠀⠀⢸│ 
      │⡏⠉⠉⠉⠉⡏⠉⠉⠉⠉⡏⠉⠉⠉⠉⡏⠉⠉⠉⠉⡏⠉⠉⠉⠉⡏⠉⠉⠉⠉⡏⠉⠉⠉⠉⡏⠉⠉⠉⠉⡏⠉⠉⠉⠉⡏⠉⠉⠉⠉⡏⠉⠉⠉⠉⡏⠉⠉⠉⠉⡏⠉⠉⠉⠉⡏⠉⠉⠉⠉⡏⠉⠉⠉⠉⡏⠉⠉⠉⢹│ 
      │⡇⠀⠀⠀⠀⡇⠀⠀⠀⠀⡇⠀⠀⠀⠀⡇⠀⠀⠀⠀⡇⠀⠀⠀⠀⡇⠀⠀⠀⠀⡇⠀⠀⠀⠀⡇⠀⠀⠀⠀⡇⠀⠀⠀⠀⡇⠀⠀⠀⠀⡇⠀⠀⠀⠀⡇⠀⠀⠀⠀⡇⠀⠀⠀⠀⡇⠀⠀⠀⠀⡇⠀⠀⠀⠀⡇⠀⠀⠀⢸│ 
      │⡧⠤⠤⠤⠤⡧⠤⠤⠤⠤⡧⠤⠤⠤⠤⡧⠤⠤⠤⠤⡧⠤⠤⠤⠤⡧⠤⠤⠤⠤⡧⠤⠤⠤⠤⡧⠤⠤⠤⠤⡧⠤⠤⠤⠤⡧⠤⠤⠤⠤⡧⠤⠤⠤⠤⡧⠤⠤⠤⠤⡧⠤⠤⠤⠤⡧⠤⠤⠤⠤⡧⠤⠤⠤⠤⡧⠤⠤⠤⢼│ 
      │⡇⠀⠀⠀⠀⡇⠀⠀⠀⠀⡇⠀⠀⠀⠀⡇⠀⠀⠀⠀⡇⠀⠀⠀⠀⡇⠀⠀⠀⠀⡇⠀⠀⠀⠀⡇⠀⠀⠀⠀⡇⠀⠀⠀⠀⡇⠀⠀⠀⠀⡇⠀⠀⠀⠀⡇⠀⠀⠀⠀⡇⠀⠀⠀⠀⡇⠀⠀⠀⠀⡇⠀⠀⠀⠀⡇⠀⠀⠀⢸│ 
      │⡇⠀⠀⠀⠀⡇⠀⠀⠀⠀⡇⠀⠀⠀⠀⡇⠀⠀⠀⠀⡇⠀⠀⠀⠀⡇⠀⠀⠀⠀⡇⠀⠀⠀⠀⡇⠀⠀⠀⠀⡇⠀⠀⠀⠀⡇⠀⠀⠀⠀⡇⠀⠀⠀⠀⡇⠀⠀⠀⠀⡇⠀⠀⠀⠀⡇⠀⠀⠀⠀⡇⠀⠀⠀⠀⡇⠀⠀⠀⢸│ 
      │⡏⠉⠉⠉⠉⡏⠉⠉⠉⠉⡏⠉⠉⠉⠉⡏⠉⠉⠉⠉⡏⠉⠉⠉⠉⡏⠉⠉⠉⠉⡏⠉⠉⠉⠉⡏⠉⠉⠉⠉⡏⠉⠉⠉⠉⡏⠉⠉⠉⠉⡏⠉⠉⠉⠉⡏⠉⠉⠉⠉⡏⠉⠉⠉⠉⡏⠉⠉⠉⠉⡏⠉⠉⠉⠉⡏⠉⠉⠉⢹│ 
      │⡇⠀⠀⠀⠀⡇⠀⠀⠀⠀⡇⠀⠀⠀⠀⡇⠀⠀⠀⠀⡇⠀⠀⠀⠀⡇⠀⠀⠀⠀⡇⠀⠀⠀⠀⡇⠀⠀⠀⠀⡇⠀⠀⠀⠀⡇⠀⠀⠀⠀⡇⠀⠀⠀⠀⡇⠀⠀⠀⠀⡇⠀⠀⠀⠀⡇⠀⠀⠀⠀⡇⠀⠀⠀⠀⡇⠀⠀⠀⢸│ 
      │⡧⠤⠤⠤⠤⡧⠤⠤⠤⠤⡧⠤⠤⠤⠤⡧⠤⠤⠤⠤⡧⠤⠤⠤⠤⡧⠤⠤⠤⠤⡧⠤⠤⠤⠤⡧⠤⠤⠤⠤⡧⠤⠤⠤⠤⡧⠤⠤⠤⠤⡧⠤⠤⠤⠤⡧⠤⠤⠤⠤⡧⠤⠤⠤⠤⡧⠤⠤⠤⠤⡧⠤⠤⠤⠤⡧⠤⠤⠤⢼│ 
      │⡇⠀⠀⠀⠀⡇⠀⠀⠀⠀⡇⠀⠀⠀⠀⡇⠀⠀⠀⠀⡇⠀⠀⠀⠀⡇⠀⠀⠀⠀⡇⠀⠀⠀⠀⡇⠀⠀⠀⠀⡇⠀⠀⠀⠀⡇⠀⠀⠀⠀⡇⠀⠀⠀⠀⡇⠀⠀⠀⠀⡇⠀⠀⠀⠀⡇⠀⠀⠀⠀⡇⠀⠀⠀⠀⡇⠀⠀⠀⢸│ 
      │⡇⠀⠀⠀⠀⡇⠀⠀⠀⠀⡇⠀⠀⠀⠀⡇⠀⠀⠀⠀⡇⠀⠀⠀⠀⡇⠀⠀⠀⠀⡇⠀⠀⠀⠀⡇⠀⠀⠀⠀⡇⠀⠀⠀⠀⡇⠀⠀⠀⠀⡇⠀⠀⠀⠀⡇⠀⠀⠀⠀⡇⠀⠀⠀⠀⡇⠀⠀⠀⠀⡇⠀⠀⠀⠀⡇⠀⠀⠀⢸│ 
      │⡏⠉⠉⠉⠉⡏⠉⠉⠉⠉⡏⠉⠉⠉⠉⡏⠉⠉⠉⠉⡏⠉⠉⠉⠉⡏⠉⠉⠉⠉⡏⠉⠉⠉⠉⡏⠉⠉⠉⠉⡏⠉⠉⠉⠉⡏⠉⠉⠉⠉⡏⠉⠉⠉⠉⡏⠉⠉⠉⠉⡏⠉⠉⠉⠉⡏⠉⠉⠉⠉⡏⠉⠉⠉⠉⡏⠉⠉⠉⢹│ 
      │⡇⠀⠀⠀⠀⡇⠀⠀⠀⠀⡇⠀⠀⠀⠀⡇⠀⠀⠀⠀⡇⠀⠀⠀⠀⡇⠀⠀⠀⠀⡇⠀⠀⠀⠀⡇⠀⠀⠀⠀⡇⠀⠀⠀⠀⡇⠀⠀⠀⠀⡇⠀⠀⠀⠀⡇⠀⠀⠀⠀⡇⠀⠀⠀⠀⡇⠀⠀⠀⠀⡇⠀⠀⠀⠀⡇⠀⠀⠀⢸│ 
      │⡧⠤⠤⠤⠤⡧⠤⠤⠤⠤⡧⠤⠤⠤⠤⡧⠤⠤⠤⠤⡧⠤⠤⠤⠤⡧⠤⠤⠤⠤⡧⠤⠤⠤⠤⡧⠤⠤⠤⠤⡧⠤⠤⠤⠤⡧⠤⠤⠤⠤⡧⠤⠤⠤⠤⡧⠤⠤⠤⠤⡧⠤⠤⠤⠤⡧⠤⠤⠤⠤⡧⠤⠤⠤⠤⡧⠤⠤⠤⢼│ 
      │⡇⠀⠀⠀⠀⡇⠀⠀⠀⠀⡇⠀⠀⠀⠀⡇⠀⠀⠀⠀⡇⠀⠀⠀⠀⡇⠀⠀⠀⠀⡇⠀⠀⠀⠀⡇⠀⠀⠀⠀⡇⠀⠀⠀⠀⡇⠀⠀⠀⠀⡇⠀⠀⠀⠀⡇⠀⠀⠀⠀⡇⠀⠀⠀⠀⡇⠀⠀⠀⠀⡇⠀⠀⠀⠀⡇⠀⠀⠀⢸│ 
      │⡇⠀⠀⠀⠀⡇⠀⠀⠀⠀⡇⠀⠀⠀⠀⡇⠀⠀⠀⠀⡇⠀⠀⠀⠀⡇⠀⠀⠀⠀⡇⠀⠀⠀⠀⡇⠀⠀⠀⠀⡇⠀⠀⠀⠀⡇⠀⠀⠀⠀⡇⠀⠀⠀⠀⡇⠀⠀⠀⠀⡇⠀⠀⠀⠀⡇⠀⠀⠀⠀⡇⠀⠀⠀⠀⡇⠀⠀⠀⢸│ 
      │⡏⠉⠉⠉⠉⡏⠉⠉⠉⠉⡏⠉⠉⠉⠉⡏⠉⠉⠉⠉⡏⠉⠉⠉⠉⡏⠉⠉⠉⠉⡏⠉⠉⠉⠉⡏⠉⠉⠉⠉⡏⠉⠉⠉⠉⡏⠉⠉⠉⠉⡏⠉⠉⠉⠉⡏⠉⠉⠉⠉⡏⠉⠉⠉⠉⡏⠉⠉⠉⠉⡏⠉⠉⠉⠉⡏⠉⠉⠉⢹│ 
      │⡇⠀⠀⠀⠀⡇⠀⠀⠀⠀⡇⠀⠀⠀⠀⡇⠀⠀⠀⠀⡇⠀⠀⠀⠀⡇⠀⠀⠀⠀⡇⠀⠀⠀⠀⡇⠀⠀⠀⠀⡇⠀⠀⠀⠀⡇⠀⠀⠀⠀⡇⠀⠀⠀⠀⡇⠀⠀⠀⠀⡇⠀⠀⠀⠀⡇⠀⠀⠀⠀⡇⠀⠀⠀⠀⡇⠀⠀⠀⢸│ 
      │⡧⠤⠤⠤⠤⡧⠤⠤⠤⠤⡧⠤⠤⠤⠤⡧⠤⠤⠤⠤⡧⠤⠤⠤⠤⡧⠤⠤⠤⠤⡧⠤⠤⠤⠤⡧⠤⠤⠤⠤⡧⠤⠤⠤⠤⡧⠤⠤⠤⠤⡧⠤⠤⠤⠤⡧⠤⠤⠤⠤⡧⠤⠤⠤⠤⡧⠤⠤⠤⠤⡧⠤⠤⠤⠤⡧⠤⠤⠤⢼│ 
      │⡇⠀⠀⠀⠀⡇⠀⠀⠀⠀⡇⠀⠀⠀⠀⡇⠀⠀⠀⠀⡇⠀⠀⠀⠀⡇⠀⠀⠀⠀⡇⠀⠀⠀⠀⡇⠀⠀⠀⠀⡇⠀⠀⠀⠀⡇⠀⠀⠀⠀⡇⠀⠀⠀⠀⡇⠀⠀⠀⠀⡇⠀⠀⠀⠀⡇⠀⠀⠀⠀⡇⠀⠀⠀⠀⡇⠀⠀⠀⢸│ 
   -4 │⣇⣀⣀⣀⣀⣇⣀⣀⣀⣀⣇⣀⣀⣀⣀⣇⣀⣀⣀⣀⣇⣀⣀⣀⣀⣇⣀⣀⣀⣀⣇⣀⣀⣀⣀⣇⣀⣀⣀⣀⣇⣀⣀⣀⣀⣇⣀⣀⣀⣀⣇⣀⣀⣀⣀⣇⣀⣀⣀⣀⣇⣀⣀⣀⣀⣇⣀⣀⣀⣀⣇⣀⣀⣀⣀⣇⣀⣀⣀⣸│ 
      └────────────────────────────────────────────────────────────────────────────────┘ 
      -4                                                                               4lvl = 1
(lvl, ϵ[lvl]) = (1, 0.7516265373154517)
lvl = 2
(lvl, ϵ[lvl]) = (2, 0.04032471507886877)
lvl = 3
(lvl, ϵ[lvl]) = (3, 0.0022253041688639064)
lvl = 4
(lvl, ϵ[lvl]) = (4, 0.00012751538595306318)
[4.220279759272374, 4.179589888317177, 4.125259308701058]
