(nelems, nfaces) = (1024, 2112)
                                        connectivity
      ┌────────────────────────────────────────────────────────────────────────────────┐ 
    4 │⡏⠉⢹⠉⠉⡏⠉⢹⠉⠉⡏⠉⢹⠉⠉⡏⠉⢹⠉⠉⡏⠉⢹⠉⠉⡏⠉⢹⠉⠉⡏⠉⢹⠉⠉⡏⠉⢹⠉⠉⡏⠉⢹⠉⠉⡏⠉⢹⠉⠉⡏⠉⢹⠉⠉⡏⠉⢹⠉⠉⡏⠉⢹⠉⠉⡏⠉⢹⠉⠉⡏⠉⢹⠉⠉⡏⠉⢹⠉⢹│ 
      │⡗⠒⢺⠒⠒⡗⠒⢺⠒⠒⡗⠒⢺⠒⠒⡗⠒⢺⠒⠒⡗⠒⢺⠒⠒⡗⠒⢺⠒⠒⡗⠒⢺⠒⠒⡗⠒⢺⠒⠒⡗⠒⢺⠒⠒⡗⠒⢺⠒⠒⡗⠒⢺⠒⠒⡗⠒⢺⠒⠒⡗⠒⢺⠒⠒⡗⠒⢺⠒⠒⡗⠒⢺⠒⠒⡗⠒⢺⠒⢺│ 
      │⡧⠤⢼⠤⠤⡧⠤⢼⠤⠤⡧⠤⢼⠤⠤⡧⠤⢼⠤⠤⡧⠤⢼⠤⠤⡧⠤⢼⠤⠤⡧⠤⢼⠤⠤⡧⠤⢼⠤⠤⡧⠤⢼⠤⠤⡧⠤⢼⠤⠤⡧⠤⢼⠤⠤⡧⠤⢼⠤⠤⡧⠤⢼⠤⠤⡧⠤⢼⠤⠤⡧⠤⢼⠤⠤⡧⠤⢼⠤⢼│ 
      │⣇⣀⣸⣀⣀⣇⣀⣸⣀⣀⣇⣀⣸⣀⣀⣇⣀⣸⣀⣀⣇⣀⣸⣀⣀⣇⣀⣸⣀⣀⣇⣀⣸⣀⣀⣇⣀⣸⣀⣀⣇⣀⣸⣀⣀⣇⣀⣸⣀⣀⣇⣀⣸⣀⣀⣇⣀⣸⣀⣀⣇⣀⣸⣀⣀⣇⣀⣸⣀⣀⣇⣀⣸⣀⣀⣇⣀⣸⣀⣸│ 
      │⡇⠀⢸⠀⠀⡇⠀⢸⠀⠀⡇⠀⢸⠀⠀⡇⠀⢸⠀⠀⡇⠀⢸⠀⠀⡇⠀⢸⠀⠀⡇⠀⢸⠀⠀⡇⠀⢸⠀⠀⡇⠀⢸⠀⠀⡇⠀⢸⠀⠀⡇⠀⢸⠀⠀⡇⠀⢸⠀⠀⡇⠀⢸⠀⠀⡇⠀⢸⠀⠀⡇⠀⢸⠀⠀⡇⠀⢸⠀⢸│ 
      │⡏⠉⢹⠉⠉⡏⠉⢹⠉⠉⡏⠉⢹⠉⠉⡏⠉⢹⠉⠉⡏⠉⢹⠉⠉⡏⠉⢹⠉⠉⡏⠉⢹⠉⠉⡏⠉⢹⠉⠉⡏⠉⢹⠉⠉⡏⠉⢹⠉⠉⡏⠉⢹⠉⠉⡏⠉⢹⠉⠉⡏⠉⢹⠉⠉⡏⠉⢹⠉⠉⡏⠉⢹⠉⠉⡏⠉⢹⠉⢹│ 
      │⡗⠒⢺⠒⠒⡗⠒⢺⠒⠒⡗⠒⢺⠒⠒⡗⠒⢺⠒⠒⡗⠒⢺⠒⠒⡗⠒⢺⠒⠒⡗⠒⢺⠒⠒⡗⠒⢺⠒⠒⡗⠒⢺⠒⠒⡗⠒⢺⠒⠒⡗⠒⢺⠒⠒⡗⠒⢺⠒⠒⡗⠒⢺⠒⠒⡗⠒⢺⠒⠒⡗⠒⢺⠒⠒⡗⠒⢺⠒⢺│ 
      │⡧⠤⢼⠤⠤⡧⠤⢼⠤⠤⡧⠤⢼⠤⠤⡧⠤⢼⠤⠤⡧⠤⢼⠤⠤⡧⠤⢼⠤⠤⡧⠤⢼⠤⠤⡧⠤⢼⠤⠤⡧⠤⢼⠤⠤⡧⠤⢼⠤⠤⡧⠤⢼⠤⠤⡧⠤⢼⠤⠤⡧⠤⢼⠤⠤⡧⠤⢼⠤⠤⡧⠤⢼⠤⠤⡧⠤⢼⠤⢼│ 
      │⣇⣀⣸⣀⣀⣇⣀⣸⣀⣀⣇⣀⣸⣀⣀⣇⣀⣸⣀⣀⣇⣀⣸⣀⣀⣇⣀⣸⣀⣀⣇⣀⣸⣀⣀⣇⣀⣸⣀⣀⣇⣀⣸⣀⣀⣇⣀⣸⣀⣀⣇⣀⣸⣀⣀⣇⣀⣸⣀⣀⣇⣀⣸⣀⣀⣇⣀⣸⣀⣀⣇⣀⣸⣀⣀⣇⣀⣸⣀⣸│ 
      │⡇⠀⢸⠀⠀⡇⠀⢸⠀⠀⡇⠀⢸⠀⠀⡇⠀⢸⠀⠀⡇⠀⢸⠀⠀⡇⠀⢸⠀⠀⡇⠀⢸⠀⠀⡇⠀⢸⠀⠀⡇⠀⢸⠀⠀⡇⠀⢸⠀⠀⡇⠀⢸⠀⠀⡇⠀⢸⠀⠀⡇⠀⢸⠀⠀⡇⠀⢸⠀⠀⡇⠀⢸⠀⠀⡇⠀⢸⠀⢸│ 
      │⡏⠉⢹⠉⠉⡏⠉⢹⠉⠉⡏⠉⢹⠉⠉⡏⠉⢹⠉⠉⡏⠉⢹⠉⠉⡏⠉⢹⠉⠉⡏⠉⢹⠉⠉⡏⠉⢹⠉⠉⡏⠉⢹⠉⠉⡏⠉⢹⠉⠉⡏⠉⢹⠉⠉⡏⠉⢹⠉⠉⡏⠉⢹⠉⠉⡏⠉⢹⠉⠉⡏⠉⢹⠉⠉⡏⠉⢹⠉⢹│ 
      │⡗⠒⢺⠒⠒⡗⠒⢺⠒⠒⡗⠒⢺⠒⠒⡗⠒⢺⠒⠒⡗⠒⢺⠒⠒⡗⠒⢺⠒⠒⡗⠒⢺⠒⠒⡗⠒⢺⠒⠒⡗⠒⢺⠒⠒⡗⠒⢺⠒⠒⡗⠒⢺⠒⠒⡗⠒⢺⠒⠒⡗⠒⢺⠒⠒⡗⠒⢺⠒⠒⡗⠒⢺⠒⠒⡗⠒⢺⠒⢺│ 
      │⡧⠤⢼⠤⠤⡧⠤⢼⠤⠤⡧⠤⢼⠤⠤⡧⠤⢼⠤⠤⡧⠤⢼⠤⠤⡧⠤⢼⠤⠤⡧⠤⢼⠤⠤⡧⠤⢼⠤⠤⡧⠤⢼⠤⠤⡧⠤⢼⠤⠤⡧⠤⢼⠤⠤⡧⠤⢼⠤⠤⡧⠤⢼⠤⠤⡧⠤⢼⠤⠤⡧⠤⢼⠤⠤⡧⠤⢼⠤⢼│ 
      │⣇⣀⣸⣀⣀⣇⣀⣸⣀⣀⣇⣀⣸⣀⣀⣇⣀⣸⣀⣀⣇⣀⣸⣀⣀⣇⣀⣸⣀⣀⣇⣀⣸⣀⣀⣇⣀⣸⣀⣀⣇⣀⣸⣀⣀⣇⣀⣸⣀⣀⣇⣀⣸⣀⣀⣇⣀⣸⣀⣀⣇⣀⣸⣀⣀⣇⣀⣸⣀⣀⣇⣀⣸⣀⣀⣇⣀⣸⣀⣸│ 
      │⡇⠀⢸⠀⠀⡇⠀⢸⠀⠀⡇⠀⢸⠀⠀⡇⠀⢸⠀⠀⡇⠀⢸⠀⠀⡇⠀⢸⠀⠀⡇⠀⢸⠀⠀⡇⠀⢸⠀⠀⡇⠀⢸⠀⠀⡇⠀⢸⠀⠀⡇⠀⢸⠀⠀⡇⠀⢸⠀⠀⡇⠀⢸⠀⠀⡇⠀⢸⠀⠀⡇⠀⢸⠀⠀⡇⠀⢸⠀⢸│ 
      │⡏⠉⢹⠉⠉⡏⠉⢹⠉⠉⡏⠉⢹⠉⠉⡏⠉⢹⠉⠉⡏⠉⢹⠉⠉⡏⠉⢹⠉⠉⡏⠉⢹⠉⠉⡏⠉⢹⠉⠉⡏⠉⢹⠉⠉⡏⠉⢹⠉⠉⡏⠉⢹⠉⠉⡏⠉⢹⠉⠉⡏⠉⢹⠉⠉⡏⠉⢹⠉⠉⡏⠉⢹⠉⠉⡏⠉⢹⠉⢹│ 
      │⡗⠒⢺⠒⠒⡗⠒⢺⠒⠒⡗⠒⢺⠒⠒⡗⠒⢺⠒⠒⡗⠒⢺⠒⠒⡗⠒⢺⠒⠒⡗⠒⢺⠒⠒⡗⠒⢺⠒⠒⡗⠒⢺⠒⠒⡗⠒⢺⠒⠒⡗⠒⢺⠒⠒⡗⠒⢺⠒⠒⡗⠒⢺⠒⠒⡗⠒⢺⠒⠒⡗⠒⢺⠒⠒⡗⠒⢺⠒⢺│ 
      │⡧⠤⢼⠤⠤⡧⠤⢼⠤⠤⡧⠤⢼⠤⠤⡧⠤⢼⠤⠤⡧⠤⢼⠤⠤⡧⠤⢼⠤⠤⡧⠤⢼⠤⠤⡧⠤⢼⠤⠤⡧⠤⢼⠤⠤⡧⠤⢼⠤⠤⡧⠤⢼⠤⠤⡧⠤⢼⠤⠤⡧⠤⢼⠤⠤⡧⠤⢼⠤⠤⡧⠤⢼⠤⠤⡧⠤⢼⠤⢼│ 
      │⣇⣀⣸⣀⣀⣇⣀⣸⣀⣀⣇⣀⣸⣀⣀⣇⣀⣸⣀⣀⣇⣀⣸⣀⣀⣇⣀⣸⣀⣀⣇⣀⣸⣀⣀⣇⣀⣸⣀⣀⣇⣀⣸⣀⣀⣇⣀⣸⣀⣀⣇⣀⣸⣀⣀⣇⣀⣸⣀⣀⣇⣀⣸⣀⣀⣇⣀⣸⣀⣀⣇⣀⣸⣀⣀⣇⣀⣸⣀⣸│ 
      │⡇⠀⢸⠀⠀⡇⠀⢸⠀⠀⡇⠀⢸⠀⠀⡇⠀⢸⠀⠀⡇⠀⢸⠀⠀⡇⠀⢸⠀⠀⡇⠀⢸⠀⠀⡇⠀⢸⠀⠀⡇⠀⢸⠀⠀⡇⠀⢸⠀⠀⡇⠀⢸⠀⠀⡇⠀⢸⠀⠀⡇⠀⢸⠀⠀⡇⠀⢸⠀⠀⡇⠀⢸⠀⠀⡇⠀⢸⠀⢸│ 
      │⡏⠉⢹⠉⠉⡏⠉⢹⠉⠉⡏⠉⢹⠉⠉⡏⠉⢹⠉⠉⡏⠉⢹⠉⠉⡏⠉⢹⠉⠉⡏⠉⢹⠉⠉⡏⠉⢹⠉⠉⡏⠉⢹⠉⠉⡏⠉⢹⠉⠉⡏⠉⢹⠉⠉⡏⠉⢹⠉⠉⡏⠉⢹⠉⠉⡏⠉⢹⠉⠉⡏⠉⢹⠉⠉⡏⠉⢹⠉⢹│ 
      │⡗⠒⢺⠒⠒⡗⠒⢺⠒⠒⡗⠒⢺⠒⠒⡗⠒⢺⠒⠒⡗⠒⢺⠒⠒⡗⠒⢺⠒⠒⡗⠒⢺⠒⠒⡗⠒⢺⠒⠒⡗⠒⢺⠒⠒⡗⠒⢺⠒⠒⡗⠒⢺⠒⠒⡗⠒⢺⠒⠒⡗⠒⢺⠒⠒⡗⠒⢺⠒⠒⡗⠒⢺⠒⠒⡗⠒⢺⠒⢺│ 
      │⡧⠤⢼⠤⠤⡧⠤⢼⠤⠤⡧⠤⢼⠤⠤⡧⠤⢼⠤⠤⡧⠤⢼⠤⠤⡧⠤⢼⠤⠤⡧⠤⢼⠤⠤⡧⠤⢼⠤⠤⡧⠤⢼⠤⠤⡧⠤⢼⠤⠤⡧⠤⢼⠤⠤⡧⠤⢼⠤⠤⡧⠤⢼⠤⠤⡧⠤⢼⠤⠤⡧⠤⢼⠤⠤⡧⠤⢼⠤⢼│ 
      │⣇⣀⣸⣀⣀⣇⣀⣸⣀⣀⣇⣀⣸⣀⣀⣇⣀⣸⣀⣀⣇⣀⣸⣀⣀⣇⣀⣸⣀⣀⣇⣀⣸⣀⣀⣇⣀⣸⣀⣀⣇⣀⣸⣀⣀⣇⣀⣸⣀⣀⣇⣀⣸⣀⣀⣇⣀⣸⣀⣀⣇⣀⣸⣀⣀⣇⣀⣸⣀⣀⣇⣀⣸⣀⣀⣇⣀⣸⣀⣸│ 
      │⡇⠀⢸⠀⠀⡇⠀⢸⠀⠀⡇⠀⢸⠀⠀⡇⠀⢸⠀⠀⡇⠀⢸⠀⠀⡇⠀⢸⠀⠀⡇⠀⢸⠀⠀⡇⠀⢸⠀⠀⡇⠀⢸⠀⠀⡇⠀⢸⠀⠀⡇⠀⢸⠀⠀⡇⠀⢸⠀⠀⡇⠀⢸⠀⠀⡇⠀⢸⠀⠀⡇⠀⢸⠀⠀⡇⠀⢸⠀⢸│ 
      │⡏⠉⢹⠉⠉⡏⠉⢹⠉⠉⡏⠉⢹⠉⠉⡏⠉⢹⠉⠉⡏⠉⢹⠉⠉⡏⠉⢹⠉⠉⡏⠉⢹⠉⠉⡏⠉⢹⠉⠉⡏⠉⢹⠉⠉⡏⠉⢹⠉⠉⡏⠉⢹⠉⠉⡏⠉⢹⠉⠉⡏⠉⢹⠉⠉⡏⠉⢹⠉⠉⡏⠉⢹⠉⠉⡏⠉⢹⠉⢹│ 
      │⡗⠒⢺⠒⠒⡗⠒⢺⠒⠒⡗⠒⢺⠒⠒⡗⠒⢺⠒⠒⡗⠒⢺⠒⠒⡗⠒⢺⠒⠒⡗⠒⢺⠒⠒⡗⠒⢺⠒⠒⡗⠒⢺⠒⠒⡗⠒⢺⠒⠒⡗⠒⢺⠒⠒⡗⠒⢺⠒⠒⡗⠒⢺⠒⠒⡗⠒⢺⠒⠒⡗⠒⢺⠒⠒⡗⠒⢺⠒⢺│ 
      │⡧⠤⢼⠤⠤⡧⠤⢼⠤⠤⡧⠤⢼⠤⠤⡧⠤⢼⠤⠤⡧⠤⢼⠤⠤⡧⠤⢼⠤⠤⡧⠤⢼⠤⠤⡧⠤⢼⠤⠤⡧⠤⢼⠤⠤⡧⠤⢼⠤⠤⡧⠤⢼⠤⠤⡧⠤⢼⠤⠤⡧⠤⢼⠤⠤⡧⠤⢼⠤⠤⡧⠤⢼⠤⠤⡧⠤⢼⠤⢼│ 
      │⣇⣀⣸⣀⣀⣇⣀⣸⣀⣀⣇⣀⣸⣀⣀⣇⣀⣸⣀⣀⣇⣀⣸⣀⣀⣇⣀⣸⣀⣀⣇⣀⣸⣀⣀⣇⣀⣸⣀⣀⣇⣀⣸⣀⣀⣇⣀⣸⣀⣀⣇⣀⣸⣀⣀⣇⣀⣸⣀⣀⣇⣀⣸⣀⣀⣇⣀⣸⣀⣀⣇⣀⣸⣀⣀⣇⣀⣸⣀⣸│ 
      │⡇⠀⢸⠀⠀⡇⠀⢸⠀⠀⡇⠀⢸⠀⠀⡇⠀⢸⠀⠀⡇⠀⢸⠀⠀⡇⠀⢸⠀⠀⡇⠀⢸⠀⠀⡇⠀⢸⠀⠀⡇⠀⢸⠀⠀⡇⠀⢸⠀⠀⡇⠀⢸⠀⠀⡇⠀⢸⠀⠀⡇⠀⢸⠀⠀⡇⠀⢸⠀⠀⡇⠀⢸⠀⠀⡇⠀⢸⠀⢸│ 
      │⡏⠉⢹⠉⠉⡏⠉⢹⠉⠉⡏⠉⢹⠉⠉⡏⠉⢹⠉⠉⡏⠉⢹⠉⠉⡏⠉⢹⠉⠉⡏⠉⢹⠉⠉⡏⠉⢹⠉⠉⡏⠉⢹⠉⠉⡏⠉⢹⠉⠉⡏⠉⢹⠉⠉⡏⠉⢹⠉⠉⡏⠉⢹⠉⠉⡏⠉⢹⠉⠉⡏⠉⢹⠉⠉⡏⠉⢹⠉⢹│ 
      │⡗⠒⢺⠒⠒⡗⠒⢺⠒⠒⡗⠒⢺⠒⠒⡗⠒⢺⠒⠒⡗⠒⢺⠒⠒⡗⠒⢺⠒⠒⡗⠒⢺⠒⠒⡗⠒⢺⠒⠒⡗⠒⢺⠒⠒⡗⠒⢺⠒⠒⡗⠒⢺⠒⠒⡗⠒⢺⠒⠒⡗⠒⢺⠒⠒⡗⠒⢺⠒⠒⡗⠒⢺⠒⠒⡗⠒⢺⠒⢺│ 
      │⡧⠤⢼⠤⠤⡧⠤⢼⠤⠤⡧⠤⢼⠤⠤⡧⠤⢼⠤⠤⡧⠤⢼⠤⠤⡧⠤⢼⠤⠤⡧⠤⢼⠤⠤⡧⠤⢼⠤⠤⡧⠤⢼⠤⠤⡧⠤⢼⠤⠤⡧⠤⢼⠤⠤⡧⠤⢼⠤⠤⡧⠤⢼⠤⠤⡧⠤⢼⠤⠤⡧⠤⢼⠤⠤⡧⠤⢼⠤⢼│ 
      │⣇⣀⣸⣀⣀⣇⣀⣸⣀⣀⣇⣀⣸⣀⣀⣇⣀⣸⣀⣀⣇⣀⣸⣀⣀⣇⣀⣸⣀⣀⣇⣀⣸⣀⣀⣇⣀⣸⣀⣀⣇⣀⣸⣀⣀⣇⣀⣸⣀⣀⣇⣀⣸⣀⣀⣇⣀⣸⣀⣀⣇⣀⣸⣀⣀⣇⣀⣸⣀⣀⣇⣀⣸⣀⣀⣇⣀⣸⣀⣸│ 
      │⡇⠀⢸⠀⠀⡇⠀⢸⠀⠀⡇⠀⢸⠀⠀⡇⠀⢸⠀⠀⡇⠀⢸⠀⠀⡇⠀⢸⠀⠀⡇⠀⢸⠀⠀⡇⠀⢸⠀⠀⡇⠀⢸⠀⠀⡇⠀⢸⠀⠀⡇⠀⢸⠀⠀⡇⠀⢸⠀⠀⡇⠀⢸⠀⠀⡇⠀⢸⠀⠀⡇⠀⢸⠀⠀⡇⠀⢸⠀⢸│ 
      │⡏⠉⢹⠉⠉⡏⠉⢹⠉⠉⡏⠉⢹⠉⠉⡏⠉⢹⠉⠉⡏⠉⢹⠉⠉⡏⠉⢹⠉⠉⡏⠉⢹⠉⠉⡏⠉⢹⠉⠉⡏⠉⢹⠉⠉⡏⠉⢹⠉⠉⡏⠉⢹⠉⠉⡏⠉⢹⠉⠉⡏⠉⢹⠉⠉⡏⠉⢹⠉⠉⡏⠉⢹⠉⠉⡏⠉⢹⠉⢹│ 
      │⡗⠒⢺⠒⠒⡗⠒⢺⠒⠒⡗⠒⢺⠒⠒⡗⠒⢺⠒⠒⡗⠒⢺⠒⠒⡗⠒⢺⠒⠒⡗⠒⢺⠒⠒⡗⠒⢺⠒⠒⡗⠒⢺⠒⠒⡗⠒⢺⠒⠒⡗⠒⢺⠒⠒⡗⠒⢺⠒⠒⡗⠒⢺⠒⠒⡗⠒⢺⠒⠒⡗⠒⢺⠒⠒⡗⠒⢺⠒⢺│ 
      │⡧⠤⢼⠤⠤⡧⠤⢼⠤⠤⡧⠤⢼⠤⠤⡧⠤⢼⠤⠤⡧⠤⢼⠤⠤⡧⠤⢼⠤⠤⡧⠤⢼⠤⠤⡧⠤⢼⠤⠤⡧⠤⢼⠤⠤⡧⠤⢼⠤⠤⡧⠤⢼⠤⠤⡧⠤⢼⠤⠤⡧⠤⢼⠤⠤⡧⠤⢼⠤⠤⡧⠤⢼⠤⠤⡧⠤⢼⠤⢼│ 
      │⣇⣀⣸⣀⣀⣇⣀⣸⣀⣀⣇⣀⣸⣀⣀⣇⣀⣸⣀⣀⣇⣀⣸⣀⣀⣇⣀⣸⣀⣀⣇⣀⣸⣀⣀⣇⣀⣸⣀⣀⣇⣀⣸⣀⣀⣇⣀⣸⣀⣀⣇⣀⣸⣀⣀⣇⣀⣸⣀⣀⣇⣀⣸⣀⣀⣇⣀⣸⣀⣀⣇⣀⣸⣀⣀⣇⣀⣸⣀⣸│ 
   -4 │⣇⣀⣸⣀⣀⣇⣀⣸⣀⣀⣇⣀⣸⣀⣀⣇⣀⣸⣀⣀⣇⣀⣸⣀⣀⣇⣀⣸⣀⣀⣇⣀⣸⣀⣀⣇⣀⣸⣀⣀⣇⣀⣸⣀⣀⣇⣀⣸⣀⣀⣇⣀⣸⣀⣀⣇⣀⣸⣀⣀⣇⣀⣸⣀⣀⣇⣀⣸⣀⣀⣇⣀⣸⣀⣀⣇⣀⣸⣀⣸│ 
      └────────────────────────────────────────────────────────────────────────────────┘ 
      -4                                                                               4                                            mesh
      ┌────────────────────────────────────────────────────────────────────────────────┐ 
    4 │⡏⠉⢹⠉⠉⡏⠉⢹⠉⠉⡏⠉⢹⠉⠉⡏⠉⢹⠉⠉⡏⠉⢹⠉⠉⡏⠉⢹⠉⠉⡏⠉⢹⠉⠉⡏⠉⢹⠉⠉⡏⠉⢹⠉⠉⡏⠉⢹⠉⠉⡏⠉⢹⠉⠉⡏⠉⢹⠉⠉⡏⠉⢹⠉⠉⡏⠉⢹⠉⠉⡏⠉⢹⠉⠉⡏⠉⢹⠉⢹│ 
      │⡗⠒⢺⠒⠒⡗⠒⢺⠒⠒⡗⠒⢺⠒⠒⡗⠒⢺⠒⠒⡗⠒⢺⠒⠒⡗⠒⢺⠒⠒⡗⠒⢺⠒⠒⡗⠒⢺⠒⠒⡗⠒⢺⠒⠒⡗⠒⢺⠒⠒⡗⠒⢺⠒⠒⡗⠒⢺⠒⠒⡗⠒⢺⠒⠒⡗⠒⢺⠒⠒⡗⠒⢺⠒⠒⡗⠒⢺⠒⢺│ 
      │⡧⠤⢼⠤⠤⡧⠤⢼⠤⠤⡧⠤⢼⠤⠤⡧⠤⢼⠤⠤⡧⠤⢼⠤⠤⡧⠤⢼⠤⠤⡧⠤⢼⠤⠤⡧⠤⢼⠤⠤⡧⠤⢼⠤⠤⡧⠤⢼⠤⠤⡧⠤⢼⠤⠤⡧⠤⢼⠤⠤⡧⠤⢼⠤⠤⡧⠤⢼⠤⠤⡧⠤⢼⠤⠤⡧⠤⢼⠤⢼│ 
      │⣇⣀⣸⣀⣀⣇⣀⣸⣀⣀⣇⣀⣸⣀⣀⣇⣀⣸⣀⣀⣇⣀⣸⣀⣀⣇⣀⣸⣀⣀⣇⣀⣸⣀⣀⣇⣀⣸⣀⣀⣇⣀⣸⣀⣀⣇⣀⣸⣀⣀⣇⣀⣸⣀⣀⣇⣀⣸⣀⣀⣇⣀⣸⣀⣀⣇⣀⣸⣀⣀⣇⣀⣸⣀⣀⣇⣀⣸⣀⣸│ 
      │⡇⠀⢸⠀⠀⡇⠀⢸⠀⠀⡇⠀⢸⠀⠀⡇⠀⢸⠀⠀⡇⠀⢸⠀⠀⡇⠀⢸⠀⠀⡇⠀⢸⠀⠀⡇⠀⢸⠀⠀⡇⠀⢸⠀⠀⡇⠀⢸⠀⠀⡇⠀⢸⠀⠀⡇⠀⢸⠀⠀⡇⠀⢸⠀⠀⡇⠀⢸⠀⠀⡇⠀⢸⠀⠀⡇⠀⢸⠀⢸│ 
      │⡏⠉⢹⠉⠉⡏⠉⢹⠉⠉⡏⠉⢹⠉⠉⡏⠉⢹⠉⠉⡏⠉⢹⠉⠉⡏⠉⢹⠉⠉⡏⠉⢹⠉⠉⡏⠉⢹⠉⠉⡏⠉⢹⠉⠉⡏⠉⢹⠉⠉⡏⠉⢹⠉⠉⡏⠉⢹⠉⠉⡏⠉⢹⠉⠉⡏⠉⢹⠉⠉⡏⠉⢹⠉⠉⡏⠉⢹⠉⢹│ 
      │⡗⠒⢺⠒⠒⡗⠒⢺⠒⠒⡗⠒⢺⠒⠒⡗⠒⢺⠒⠒⡗⠒⢺⠒⠒⡗⠒⢺⠒⠒⡗⠒⢺⠒⠒⡗⠒⢺⠒⠒⡗⠒⢺⠒⠒⡗⠒⢺⠒⠒⡗⠒⢺⠒⠒⡗⠒⢺⠒⠒⡗⠒⢺⠒⠒⡗⠒⢺⠒⠒⡗⠒⢺⠒⠒⡗⠒⢺⠒⢺│ 
      │⡧⠤⢼⠤⠤⡧⠤⢼⠤⠤⡧⠤⢼⠤⠤⡧⠤⢼⠤⠤⡧⠤⢼⠤⠤⡧⠤⢼⠤⠤⡧⠤⢼⠤⠤⡧⠤⢼⠤⠤⡧⠤⢼⠤⠤⡧⠤⢼⠤⠤⡧⠤⢼⠤⠤⡧⠤⢼⠤⠤⡧⠤⢼⠤⠤⡧⠤⢼⠤⠤⡧⠤⢼⠤⠤⡧⠤⢼⠤⢼│ 
      │⣇⣀⣸⣀⣀⣇⣀⣸⣀⣀⣇⣀⣸⣀⣀⣇⣀⣸⣀⣀⣇⣀⣸⣀⣀⣇⣀⣸⣀⣀⣇⣀⣸⣀⣀⣇⣀⣸⣀⣀⣇⣀⣸⣀⣀⣇⣀⣸⣀⣀⣇⣀⣸⣀⣀⣇⣀⣸⣀⣀⣇⣀⣸⣀⣀⣇⣀⣸⣀⣀⣇⣀⣸⣀⣀⣇⣀⣸⣀⣸│ 
      │⡇⠀⢸⠀⠀⡇⠀⢸⠀⠀⡇⠀⢸⠀⠀⡇⠀⢸⠀⠀⡇⠀⢸⠀⠀⡇⠀⢸⠀⠀⡇⠀⢸⠀⠀⡇⠀⢸⠀⠀⡇⠀⢸⠀⠀⡇⠀⢸⠀⠀⡇⠀⢸⠀⠀⡇⠀⢸⠀⠀⡇⠀⢸⠀⠀⡇⠀⢸⠀⠀⡇⠀⢸⠀⠀⡇⠀⢸⠀⢸│ 
      │⡏⠉⢹⠉⠉⡏⠉⢹⠉⠉⡏⠉⢹⠉⠉⡏⠉⢹⠉⠉⡏⠉⢹⠉⠉⡏⠉⢹⠉⠉⡏⠉⢹⠉⠉⡏⠉⢹⠉⠉⡏⠉⢹⠉⠉⡏⠉⢹⠉⠉⡏⠉⢹⠉⠉⡏⠉⢹⠉⠉⡏⠉⢹⠉⠉⡏⠉⢹⠉⠉⡏⠉⢹⠉⠉⡏⠉⢹⠉⢹│ 
      │⡗⠒⢺⠒⠒⡗⠒⢺⠒⠒⡗⠒⢺⠒⠒⡗⠒⢺⠒⠒⡗⠒⢺⠒⠒⡗⠒⢺⠒⠒⡗⠒⢺⠒⠒⡗⠒⢺⠒⠒⡗⠒⢺⠒⠒⡗⠒⢺⠒⠒⡗⠒⢺⠒⠒⡗⠒⢺⠒⠒⡗⠒⢺⠒⠒⡗⠒⢺⠒⠒⡗⠒⢺⠒⠒⡗⠒⢺⠒⢺│ 
      │⡧⠤⢼⠤⠤⡧⠤⢼⠤⠤⡧⠤⢼⠤⠤⡧⠤⢼⠤⠤⡧⠤⢼⠤⠤⡧⠤⢼⠤⠤⡧⠤⢼⠤⠤⡧⠤⢼⠤⠤⡧⠤⢼⠤⠤⡧⠤⢼⠤⠤⡧⠤⢼⠤⠤⡧⠤⢼⠤⠤⡧⠤⢼⠤⠤⡧⠤⢼⠤⠤⡧⠤⢼⠤⠤⡧⠤⢼⠤⢼│ 
      │⣇⣀⣸⣀⣀⣇⣀⣸⣀⣀⣇⣀⣸⣀⣀⣇⣀⣸⣀⣀⣇⣀⣸⣀⣀⣇⣀⣸⣀⣀⣇⣀⣸⣀⣀⣇⣀⣸⣀⣀⣇⣀⣸⣀⣀⣇⣀⣸⣀⣀⣇⣀⣸⣀⣀⣇⣀⣸⣀⣀⣇⣀⣸⣀⣀⣇⣀⣸⣀⣀⣇⣀⣸⣀⣀⣇⣀⣸⣀⣸│ 
      │⡇⠀⢸⠀⠀⡇⠀⢸⠀⠀⡇⠀⢸⠀⠀⡇⠀⢸⠀⠀⡇⠀⢸⠀⠀⡇⠀⢸⠀⠀⡇⠀⢸⠀⠀⡇⠀⢸⠀⠀⡇⠀⢸⠀⠀⡇⠀⢸⠀⠀⡇⠀⢸⠀⠀⡇⠀⢸⠀⠀⡇⠀⢸⠀⠀⡇⠀⢸⠀⠀⡇⠀⢸⠀⠀⡇⠀⢸⠀⢸│ 
      │⡏⠉⢹⠉⠉⡏⠉⢹⠉⠉⡏⠉⢹⠉⠉⡏⠉⢹⠉⠉⡏⠉⢹⠉⠉⡏⠉⢹⠉⠉⡏⠉⢹⠉⠉⡏⠉⢹⠉⠉⡏⠉⢹⠉⠉⡏⠉⢹⠉⠉⡏⠉⢹⠉⠉⡏⠉⢹⠉⠉⡏⠉⢹⠉⠉⡏⠉⢹⠉⠉⡏⠉⢹⠉⠉⡏⠉⢹⠉⢹│ 
      │⡗⠒⢺⠒⠒⡗⠒⢺⠒⠒⡗⠒⢺⠒⠒⡗⠒⢺⠒⠒⡗⠒⢺⠒⠒⡗⠒⢺⠒⠒⡗⠒⢺⠒⠒⡗⠒⢺⠒⠒⡗⠒⢺⠒⠒⡗⠒⢺⠒⠒⡗⠒⢺⠒⠒⡗⠒⢺⠒⠒⡗⠒⢺⠒⠒⡗⠒⢺⠒⠒⡗⠒⢺⠒⠒⡗⠒⢺⠒⢺│ 
      │⡧⠤⢼⠤⠤⡧⠤⢼⠤⠤⡧⠤⢼⠤⠤⡧⠤⢼⠤⠤⡧⠤⢼⠤⠤⡧⠤⢼⠤⠤⡧⠤⢼⠤⠤⡧⠤⢼⠤⠤⡧⠤⢼⠤⠤⡧⠤⢼⠤⠤⡧⠤⢼⠤⠤⡧⠤⢼⠤⠤⡧⠤⢼⠤⠤⡧⠤⢼⠤⠤⡧⠤⢼⠤⠤⡧⠤⢼⠤⢼│ 
      │⣇⣀⣸⣀⣀⣇⣀⣸⣀⣀⣇⣀⣸⣀⣀⣇⣀⣸⣀⣀⣇⣀⣸⣀⣀⣇⣀⣸⣀⣀⣇⣀⣸⣀⣀⣇⣀⣸⣀⣀⣇⣀⣸⣀⣀⣇⣀⣸⣀⣀⣇⣀⣸⣀⣀⣇⣀⣸⣀⣀⣇⣀⣸⣀⣀⣇⣀⣸⣀⣀⣇⣀⣸⣀⣀⣇⣀⣸⣀⣸│ 
      │⡇⠀⢸⠀⠀⡇⠀⢸⠀⠀⡇⠀⢸⠀⠀⡇⠀⢸⠀⠀⡇⠀⢸⠀⠀⡇⠀⢸⠀⠀⡇⠀⢸⠀⠀⡇⠀⢸⠀⠀⡇⠀⢸⠀⠀⡇⠀⢸⠀⠀⡇⠀⢸⠀⠀⡇⠀⢸⠀⠀⡇⠀⢸⠀⠀⡇⠀⢸⠀⠀⡇⠀⢸⠀⠀⡇⠀⢸⠀⢸│ 
      │⡏⠉⢹⠉⠉⡏⠉⢹⠉⠉⡏⠉⢹⠉⠉⡏⠉⢹⠉⠉⡏⠉⢹⠉⠉⡏⠉⢹⠉⠉⡏⠉⢹⠉⠉⡏⠉⢹⠉⠉⡏⠉⢹⠉⠉⡏⠉⢹⠉⠉⡏⠉⢹⠉⠉⡏⠉⢹⠉⠉⡏⠉⢹⠉⠉⡏⠉⢹⠉⠉⡏⠉⢹⠉⠉⡏⠉⢹⠉⢹│ 
      │⡗⠒⢺⠒⠒⡗⠒⢺⠒⠒⡗⠒⢺⠒⠒⡗⠒⢺⠒⠒⡗⠒⢺⠒⠒⡗⠒⢺⠒⠒⡗⠒⢺⠒⠒⡗⠒⢺⠒⠒⡗⠒⢺⠒⠒⡗⠒⢺⠒⠒⡗⠒⢺⠒⠒⡗⠒⢺⠒⠒⡗⠒⢺⠒⠒⡗⠒⢺⠒⠒⡗⠒⢺⠒⠒⡗⠒⢺⠒⢺│ 
      │⡧⠤⢼⠤⠤⡧⠤⢼⠤⠤⡧⠤⢼⠤⠤⡧⠤⢼⠤⠤⡧⠤⢼⠤⠤⡧⠤⢼⠤⠤⡧⠤⢼⠤⠤⡧⠤⢼⠤⠤⡧⠤⢼⠤⠤⡧⠤⢼⠤⠤⡧⠤⢼⠤⠤⡧⠤⢼⠤⠤⡧⠤⢼⠤⠤⡧⠤⢼⠤⠤⡧⠤⢼⠤⠤⡧⠤⢼⠤⢼│ 
      │⣇⣀⣸⣀⣀⣇⣀⣸⣀⣀⣇⣀⣸⣀⣀⣇⣀⣸⣀⣀⣇⣀⣸⣀⣀⣇⣀⣸⣀⣀⣇⣀⣸⣀⣀⣇⣀⣸⣀⣀⣇⣀⣸⣀⣀⣇⣀⣸⣀⣀⣇⣀⣸⣀⣀⣇⣀⣸⣀⣀⣇⣀⣸⣀⣀⣇⣀⣸⣀⣀⣇⣀⣸⣀⣀⣇⣀⣸⣀⣸│ 
      │⡇⠀⢸⠀⠀⡇⠀⢸⠀⠀⡇⠀⢸⠀⠀⡇⠀⢸⠀⠀⡇⠀⢸⠀⠀⡇⠀⢸⠀⠀⡇⠀⢸⠀⠀⡇⠀⢸⠀⠀⡇⠀⢸⠀⠀⡇⠀⢸⠀⠀⡇⠀⢸⠀⠀⡇⠀⢸⠀⠀⡇⠀⢸⠀⠀⡇⠀⢸⠀⠀⡇⠀⢸⠀⠀⡇⠀⢸⠀⢸│ 
      │⡏⠉⢹⠉⠉⡏⠉⢹⠉⠉⡏⠉⢹⠉⠉⡏⠉⢹⠉⠉⡏⠉⢹⠉⠉⡏⠉⢹⠉⠉⡏⠉⢹⠉⠉⡏⠉⢹⠉⠉⡏⠉⢹⠉⠉⡏⠉⢹⠉⠉⡏⠉⢹⠉⠉⡏⠉⢹⠉⠉⡏⠉⢹⠉⠉⡏⠉⢹⠉⠉⡏⠉⢹⠉⠉⡏⠉⢹⠉⢹│ 
      │⡗⠒⢺⠒⠒⡗⠒⢺⠒⠒⡗⠒⢺⠒⠒⡗⠒⢺⠒⠒⡗⠒⢺⠒⠒⡗⠒⢺⠒⠒⡗⠒⢺⠒⠒⡗⠒⢺⠒⠒⡗⠒⢺⠒⠒⡗⠒⢺⠒⠒⡗⠒⢺⠒⠒⡗⠒⢺⠒⠒⡗⠒⢺⠒⠒⡗⠒⢺⠒⠒⡗⠒⢺⠒⠒⡗⠒⢺⠒⢺│ 
      │⡧⠤⢼⠤⠤⡧⠤⢼⠤⠤⡧⠤⢼⠤⠤⡧⠤⢼⠤⠤⡧⠤⢼⠤⠤⡧⠤⢼⠤⠤⡧⠤⢼⠤⠤⡧⠤⢼⠤⠤⡧⠤⢼⠤⠤⡧⠤⢼⠤⠤⡧⠤⢼⠤⠤⡧⠤⢼⠤⠤⡧⠤⢼⠤⠤⡧⠤⢼⠤⠤⡧⠤⢼⠤⠤⡧⠤⢼⠤⢼│ 
      │⣇⣀⣸⣀⣀⣇⣀⣸⣀⣀⣇⣀⣸⣀⣀⣇⣀⣸⣀⣀⣇⣀⣸⣀⣀⣇⣀⣸⣀⣀⣇⣀⣸⣀⣀⣇⣀⣸⣀⣀⣇⣀⣸⣀⣀⣇⣀⣸⣀⣀⣇⣀⣸⣀⣀⣇⣀⣸⣀⣀⣇⣀⣸⣀⣀⣇⣀⣸⣀⣀⣇⣀⣸⣀⣀⣇⣀⣸⣀⣸│ 
      │⡇⠀⢸⠀⠀⡇⠀⢸⠀⠀⡇⠀⢸⠀⠀⡇⠀⢸⠀⠀⡇⠀⢸⠀⠀⡇⠀⢸⠀⠀⡇⠀⢸⠀⠀⡇⠀⢸⠀⠀⡇⠀⢸⠀⠀⡇⠀⢸⠀⠀⡇⠀⢸⠀⠀⡇⠀⢸⠀⠀⡇⠀⢸⠀⠀⡇⠀⢸⠀⠀⡇⠀⢸⠀⠀⡇⠀⢸⠀⢸│ 
      │⡏⠉⢹⠉⠉⡏⠉⢹⠉⠉⡏⠉⢹⠉⠉⡏⠉⢹⠉⠉⡏⠉⢹⠉⠉⡏⠉⢹⠉⠉⡏⠉⢹⠉⠉⡏⠉⢹⠉⠉⡏⠉⢹⠉⠉⡏⠉⢹⠉⠉⡏⠉⢹⠉⠉⡏⠉⢹⠉⠉⡏⠉⢹⠉⠉⡏⠉⢹⠉⠉⡏⠉⢹⠉⠉⡏⠉⢹⠉⢹│ 
      │⡗⠒⢺⠒⠒⡗⠒⢺⠒⠒⡗⠒⢺⠒⠒⡗⠒⢺⠒⠒⡗⠒⢺⠒⠒⡗⠒⢺⠒⠒⡗⠒⢺⠒⠒⡗⠒⢺⠒⠒⡗⠒⢺⠒⠒⡗⠒⢺⠒⠒⡗⠒⢺⠒⠒⡗⠒⢺⠒⠒⡗⠒⢺⠒⠒⡗⠒⢺⠒⠒⡗⠒⢺⠒⠒⡗⠒⢺⠒⢺│ 
      │⡧⠤⢼⠤⠤⡧⠤⢼⠤⠤⡧⠤⢼⠤⠤⡧⠤⢼⠤⠤⡧⠤⢼⠤⠤⡧⠤⢼⠤⠤⡧⠤⢼⠤⠤⡧⠤⢼⠤⠤⡧⠤⢼⠤⠤⡧⠤⢼⠤⠤⡧⠤⢼⠤⠤⡧⠤⢼⠤⠤⡧⠤⢼⠤⠤⡧⠤⢼⠤⠤⡧⠤⢼⠤⠤⡧⠤⢼⠤⢼│ 
      │⣇⣀⣸⣀⣀⣇⣀⣸⣀⣀⣇⣀⣸⣀⣀⣇⣀⣸⣀⣀⣇⣀⣸⣀⣀⣇⣀⣸⣀⣀⣇⣀⣸⣀⣀⣇⣀⣸⣀⣀⣇⣀⣸⣀⣀⣇⣀⣸⣀⣀⣇⣀⣸⣀⣀⣇⣀⣸⣀⣀⣇⣀⣸⣀⣀⣇⣀⣸⣀⣀⣇⣀⣸⣀⣀⣇⣀⣸⣀⣸│ 
      │⡇⠀⢸⠀⠀⡇⠀⢸⠀⠀⡇⠀⢸⠀⠀⡇⠀⢸⠀⠀⡇⠀⢸⠀⠀⡇⠀⢸⠀⠀⡇⠀⢸⠀⠀⡇⠀⢸⠀⠀⡇⠀⢸⠀⠀⡇⠀⢸⠀⠀⡇⠀⢸⠀⠀⡇⠀⢸⠀⠀⡇⠀⢸⠀⠀⡇⠀⢸⠀⠀⡇⠀⢸⠀⠀⡇⠀⢸⠀⢸│ 
      │⡏⠉⢹⠉⠉⡏⠉⢹⠉⠉⡏⠉⢹⠉⠉⡏⠉⢹⠉⠉⡏⠉⢹⠉⠉⡏⠉⢹⠉⠉⡏⠉⢹⠉⠉⡏⠉⢹⠉⠉⡏⠉⢹⠉⠉⡏⠉⢹⠉⠉⡏⠉⢹⠉⠉⡏⠉⢹⠉⠉⡏⠉⢹⠉⠉⡏⠉⢹⠉⠉⡏⠉⢹⠉⠉⡏⠉⢹⠉⢹│ 
      │⡗⠒⢺⠒⠒⡗⠒⢺⠒⠒⡗⠒⢺⠒⠒⡗⠒⢺⠒⠒⡗⠒⢺⠒⠒⡗⠒⢺⠒⠒⡗⠒⢺⠒⠒⡗⠒⢺⠒⠒⡗⠒⢺⠒⠒⡗⠒⢺⠒⠒⡗⠒⢺⠒⠒⡗⠒⢺⠒⠒⡗⠒⢺⠒⠒⡗⠒⢺⠒⠒⡗⠒⢺⠒⠒⡗⠒⢺⠒⢺│ 
      │⡧⠤⢼⠤⠤⡧⠤⢼⠤⠤⡧⠤⢼⠤⠤⡧⠤⢼⠤⠤⡧⠤⢼⠤⠤⡧⠤⢼⠤⠤⡧⠤⢼⠤⠤⡧⠤⢼⠤⠤⡧⠤⢼⠤⠤⡧⠤⢼⠤⠤⡧⠤⢼⠤⠤⡧⠤⢼⠤⠤⡧⠤⢼⠤⠤⡧⠤⢼⠤⠤⡧⠤⢼⠤⠤⡧⠤⢼⠤⢼│ 
      │⣇⣀⣸⣀⣀⣇⣀⣸⣀⣀⣇⣀⣸⣀⣀⣇⣀⣸⣀⣀⣇⣀⣸⣀⣀⣇⣀⣸⣀⣀⣇⣀⣸⣀⣀⣇⣀⣸⣀⣀⣇⣀⣸⣀⣀⣇⣀⣸⣀⣀⣇⣀⣸⣀⣀⣇⣀⣸⣀⣀⣇⣀⣸⣀⣀⣇⣀⣸⣀⣀⣇⣀⣸⣀⣀⣇⣀⣸⣀⣸│ 
   -4 │⣇⣀⣸⣀⣀⣇⣀⣸⣀⣀⣇⣀⣸⣀⣀⣇⣀⣸⣀⣀⣇⣀⣸⣀⣀⣇⣀⣸⣀⣀⣇⣀⣸⣀⣀⣇⣀⣸⣀⣀⣇⣀⣸⣀⣀⣇⣀⣸⣀⣀⣇⣀⣸⣀⣀⣇⣀⣸⣀⣀⣇⣀⣸⣀⣀⣇⣀⣸⣀⣀⣇⣀⣸⣀⣀⣇⣀⣸⣀⣸│ 
      └────────────────────────────────────────────────────────────────────────────────┘ 
      -4                                                                               4lvl = 1
(lvl, ϵ[lvl]) = (1, 25.848224236532282)
lvl = 2
(lvl, ϵ[lvl]) = (2, 6.4616839960562515)
lvl = 3
(lvl, ϵ[lvl]) = (3, 1.61542709274032)
lvl = 4
(lvl, ϵ[lvl]) = (4, 0.4038585539255416)
[2.0000830678354222, 1.9999945578446265, 1.999993638685941]
